2025-03-18 02:41:09 POST https://dekoola.com/wp-json/autonami/v1/webhook/?bwfan_autonami_webhook_id=10&bwfan_autonami_webhook_key=92c39df617252d128219dba772cff29a Lead HTTP 200
2025-03-18 02:41:51 POST https://dekoola.com/wp-json/autonami/v1/webhook/?bwfan_autonami_webhook_id=10&bwfan_autonami_webhook_key=92c39df617252d128219dba772cff29a Purchase HTTP 200
2025-03-18 02:42:22 POST https://dekoola.com/wp-json/autonami/v1/webhook/?bwfan_autonami_webhook_id=10&bwfan_autonami_webhook_key=92c39df617252d128219dba772cff29a Purchase HTTP 200
2025-03-18 02:43:58 POST https://dekoola.com/wp-json/autonami/v1/webhook/?bwfan_autonami_webhook_id=10&bwfan_autonami_webhook_key=92c39df617252d128219dba772cff29a Lead HTTP 200
2025-03-18 02:46:47 GET https://dekoola.com/wp-json/autonami/v1/webhook/?bwfan_autonami_webhook_id=10&bwfan_autonami_webhook_key=92c39df617252d128219dba772cff29a Lead HTTP 200
2025-03-18 03:21:10 GET https://dekoola.com/wp-json/autonami/v1/webhook/?bwfan_autonami_webhook_id=10&bwfan_autonami_webhook_key=92c39df617252d128219dba772cff29a Lead HTTP 200
2025-03-18 03:24:10 GET https://dekoola.com/wp-json/autonami/v1/webhook/?bwfan_autonami_webhook_id=10&bwfan_autonami_webhook_key=92c39df617252d128219dba772cff29a Lead HTTP 200
2025-03-18 03:32:11 GET https://dekoola.com/wp-json/autonami/v1/webhook/?bwfan_autonami_webhook_id=10&bwfan_autonami_webhook_key=92c39df617252d128219dba772cff29a Lead HTTP 200
2025-03-18 03:38:21 GET https://dekoola.com/wp-json/autonami/v1/webhook/?bwfan_autonami_webhook_id=10&bwfan_autonami_webhook_key=92c39df617252d128219dba772cff29a Lead HTTP 200
2025-03-18 03:39:07 GET https://dekoola.com/wp-json/autonami/v1/webhook/?bwfan_autonami_webhook_id=10&bwfan_autonami_webhook_key=92c39df617252d128219dba772cff29a Lead HTTP 0
2025-03-18 03:39:10 GET https://dekoola.com/wp-json/autonami/v1/webhook/?bwfan_autonami_webhook_id=10&bwfan_autonami_webhook_key=92c39df617252d128219dba772cff29a Lead HTTP 200
2025-03-18 03:39:19 GET https://dekoola.com/wp-json/autonami/v1/webhook/?bwfan_autonami_webhook_id=10&bwfan_autonami_webhook_key=92c39df617252d128219dba772cff29a Lead HTTP 200
2025-03-18 03:57:45 GET https://dekoola.com/wp-json/autonami/v1/webhook/?bwfan_autonami_webhook_id=10&bwfan_autonami_webhook_key=92c39df617252d128219dba772cff29a Lead HTTP 200
2025-03-18 03:57:47 GET https://dekoola.com/wp-json/autonami/v1/webhook/?bwfan_autonami_webhook_id=10&bwfan_autonami_webhook_key=92c39df617252d128219dba772cff29a Lead HTTP 200
2025-03-18 04:06:02 GET https://dekoola.com/wp-json/autonami/v1/webhook/?bwfan_autonami_webhook_id=10&bwfan_autonami_webhook_key=92c39df617252d128219dba772cff29a Lead HTTP 200
2025-03-18 04:06:05 GET https://dekoola.com/wp-json/autonami/v1/webhook/?bwfan_autonami_webhook_id=10&bwfan_autonami_webhook_key=92c39df617252d128219dba772cff29a Lead HTTP 200
2025-03-18 04:06:12 GET https://dekoola.com/wp-json/autonami/v1/webhook/?bwfan_autonami_webhook_id=10&bwfan_autonami_webhook_key=92c39df617252d128219dba772cff29a Lead HTTP 200
2025-03-18 04:08:18 GET https://dekoola.com/wp-json/autonami/v1/webhook/?bwfan_autonami_webhook_id=10&bwfan_autonami_webhook_key=92c39df617252d128219dba772cff29a Lead HTTP 200
2025-03-18 04:08:21 GET https://dekoola.com/wp-json/autonami/v1/webhook/?bwfan_autonami_webhook_id=10&bwfan_autonami_webhook_key=92c39df617252d128219dba772cff29a Lead HTTP 200
2025-03-18 13:05:27 Error! No subid or status! 
2025-03-18 13:06:43 GET https://dekoola.com/wp-json/autonami/v1/webhook/?bwfan_autonami_webhook_id=10&bwfan_autonami_webhook_key=92c39df617252d128219dba772cff29a Lead HTTP 200
2025-03-18 13:06:46 GET https://dekoola.com/wp-json/autonami/v1/webhook/?bwfan_autonami_webhook_id=10&bwfan_autonami_webhook_key=92c39df617252d128219dba772cff29a Lead HTTP 200
2025-03-18 13:07:15 Error! No subid or status! 
2025-03-18 13:12:00 Error! No subid or status! 
2025-03-18 13:12:23 Error! No subid or status! http://localhost:8003/postback.php
2025-03-18 13:13:05 67d8fd258c488, Purchase, 97.50
2025-03-18 13:13:09 GET https://dekoola.com/wp-json/autonami/v1/webhook/?bwfan_autonami_webhook_id=10&bwfan_autonami_webhook_key=92c39df617252d128219dba772cff29a Purchase HTTP 200
2025-03-18 13:13:12 GET https://dekoola.com/wp-json/autonami/v1/webhook/?bwfan_autonami_webhook_id=10&bwfan_autonami_webhook_key=92c39df617252d128219dba772cff29a Purchase 200
2025-03-18 13:13:22 67d8fd258c488, Reject, 0
2025-03-18 13:13:24 GET https://dekoola.com/wp-json/autonami/v1/webhook/?bwfan_autonami_webhook_id=10&bwfan_autonami_webhook_key=92c39df617252d128219dba772cff29a Reject HTTP 200
2025-03-18 13:13:27 GET https://dekoola.com/wp-json/autonami/v1/webhook/?bwfan_autonami_webhook_id=10&bwfan_autonami_webhook_key=92c39df617252d128219dba772cff29a Reject 200
2025-03-18 13:15:44 67d8fd258c488, Purchase, 97.50
2025-03-18 13:15:46 GET https://dekoola.com/wp-json/autonami/v1/webhook/?bwfan_autonami_webhook_id=10&bwfan_autonami_webhook_key=92c39df617252d128219dba772cff29a Purchase HTTP 200
2025-03-18 13:15:49 GET https://dekoola.com/wp-json/autonami/v1/webhook/?bwfan_autonami_webhook_id=10&bwfan_autonami_webhook_key=92c39df617252d128219dba772cff29a Purchase 200
