==== 2025-03-19 15:18:44 ENVIANDO POSTBACK ====
URL: https://dekoola.com/wp-json/autonami/v1/webhook/?bwfan_autonami_webhook_id=10&bwfan_autonami_webhook_key=92c39df617252d128219dba772cff29a
METHOD: GET
PAYLOAD:
{
    "subid": "subid_c5f4b38eacb89312049b",
    "status": "Lead",
    "prelanding": "unknown",
    "landing": "unknown",
    "name": "TesteName",
    "email": "teste@teste.com",
    "phone": "123456789"
}

==== 2025-03-19 15:18:46 RESPOSTA DO WEBHOOK ====
HTTP CODE: 200
CONTEÚDO: {"success":true}
ERRO: Nenhum erro

==== 2025-03-19 15:44:44 ENVIANDO POSTBACK ====
URL: https://dekoola.com/wp-json/autonami/v1/webhook/?bwfan_autonami_webhook_id=10&bwfan_autonami_webhook_key=92c39df617252d128219dba772cff29a
METHOD: GET
PAYLOAD:
{
    "subid": "subid_b4766eb1c35b8d245016",
    "status": "Lead",
    "prelanding": "unknown",
    "landing": "unknown",
    "name": "TesteName",
    "email": "teste@teste.com",
    "phone": "123456789"
}

==== 2025-03-19 15:44:49 RESPOSTA DO WEBHOOK ====
HTTP CODE: 0
CONTEÚDO: Sem conteúdo
ERRO: Operation timed out after 5001 milliseconds with 0 bytes received

==== 2025-03-19 15:49:42 ENVIANDO POSTBACK ====
URL: https://dekoola.com/wp-json/autonami/v1/webhook/?bwfan_autonami_webhook_id=10&bwfan_autonami_webhook_key=92c39df617252d128219dba772cff29a
METHOD: GET
PAYLOAD:
{
    "subid": "subid_ec0bfa4876ada8b24b06",
    "status": "Lead",
    "prelanding": "unknown",
    "landing": "unknown",
    "name": "TesteNome",
    "email": "teste@teste.com",
    "phone": "123456789"
}

==== 2025-03-19 15:49:46 RESPOSTA DO WEBHOOK ====
HTTP CODE: 200
CONTEÚDO: {"success":true}
ERRO: Nenhum erro

==== 2025-03-19 15:50:00 ENVIANDO POSTBACK ====
URL: https://dekoola.com/wp-json/autonami/v1/webhook/?bwfan_autonami_webhook_id=10&bwfan_autonami_webhook_key=92c39df617252d128219dba772cff29a
METHOD: GET
PAYLOAD:
{
    "subid": "67d8fd258c488",
    "status": "Lead",
    "prelanding": "preland1",
    "landing": "site4",
    "name": "x",
    "email": "site4",
    "phone": "xx@gmail.com"
}

==== 2025-03-19 15:50:03 RESPOSTA DO WEBHOOK ====
HTTP CODE: 200
CONTEÚDO: {"success":true}
ERRO: Nenhum erro

==== 2025-03-19 15:50:03 ENVIANDO POSTBACK ====
URL: https://dekoola.com/wp-json/autonami/v1/webhook/?bwfan_autonami_webhook_id=10&bwfan_autonami_webhook_key=92c39df617252d128219dba772cff29a
METHOD: GET
PAYLOAD:
{
    "subid": "67d8fd258c488",
    "status": "Lead",
    "prelanding": "preland1",
    "landing": "site4",
    "name": "x",
    "email": "xx@gmail.com"
}

==== 2025-03-19 15:50:06 RESPOSTA DO WEBHOOK ====
HTTP CODE: 200
CONTEÚDO: {"success":true}
ERRO: Nenhum erro

==== 2025-03-19 15:50:29 ENVIANDO POSTBACK ====
URL: https://dekoola.com/wp-json/autonami/v1/webhook/?bwfan_autonami_webhook_id=10&bwfan_autonami_webhook_key=92c39df617252d128219dba772cff29a
METHOD: GET
PAYLOAD:
{
    "subid": "subid_acb1cf8145fe3ed62cb9",
    "status": "Lead",
    "prelanding": "unknown",
    "landing": "unknown",
    "name": "TesteCliente",
    "email": "cliente@teste.com",
    "phone": "987654321"
}

==== 2025-03-19 15:50:32 RESPOSTA DO WEBHOOK ====
HTTP CODE: 200
CONTEÚDO: {"success":true}
ERRO: Nenhum erro

==== 2025-03-19 16:52:35 ENVIANDO POSTBACK ====
URL: https://dekoola.com/wp-json/autonami/v1/webhook/?bwfan_autonami_webhook_id=10&bwfan_autonami_webhook_key=92c39df617252d128219dba772cff29a
METHOD: GET
PAYLOAD:
{
    "subid": "67dadb30c311e",
    "status": "Lead",
    "prelanding": "preland2",
    "landing": "site4",
    "name": "191352",
    "email": "site4",
    "phone": "191352@gmail.com"
}

==== 2025-03-19 16:52:40 RESPOSTA DO WEBHOOK ====
HTTP CODE: 200
CONTEÚDO: {"success":true}
ERRO: Nenhum erro

==== 2025-03-19 16:52:40 ENVIANDO POSTBACK ====
URL: https://dekoola.com/wp-json/autonami/v1/webhook/?bwfan_autonami_webhook_id=10&bwfan_autonami_webhook_key=92c39df617252d128219dba772cff29a
METHOD: GET
PAYLOAD:
{
    "subid": "67dadb30c311e",
    "status": "Lead",
    "prelanding": "preland2",
    "landing": "site4",
    "name": "191352",
    "email": "191352@gmail.com"
}

==== 2025-03-19 16:52:43 RESPOSTA DO WEBHOOK ====
HTTP CODE: 200
CONTEÚDO: {"success":true}
ERRO: Nenhum erro

==== 2025-03-19 16:55:13 ENVIANDO POSTBACK ====
URL: https://dekoola.com/wp-json/autonami/v1/webhook/?bwfan_autonami_webhook_id=10&bwfan_autonami_webhook_key=92c39df617252d128219dba772cff29a
METHOD: GET
PAYLOAD:
{
    "subid": "67dadb30c311e",
    "status": "Lead",
    "prelanding": "preland2",
    "landing": "site4",
    "name": "a",
    "email": "site4",
    "phone": "alexalxs@gmail.com"
}

==== 2025-03-19 16:55:15 RESPOSTA DO WEBHOOK ====
HTTP CODE: 200
CONTEÚDO: {"success":true}
ERRO: Nenhum erro

==== 2025-03-19 16:55:15 ENVIANDO POSTBACK ====
URL: https://dekoola.com/wp-json/autonami/v1/webhook/?bwfan_autonami_webhook_id=10&bwfan_autonami_webhook_key=92c39df617252d128219dba772cff29a
METHOD: GET
PAYLOAD:
{
    "subid": "67dadb30c311e",
    "status": "Lead",
    "prelanding": "preland2",
    "landing": "site4",
    "name": "a",
    "email": "alexalxs@gmail.com"
}

==== 2025-03-19 16:55:18 RESPOSTA DO WEBHOOK ====
HTTP CODE: 200
CONTEÚDO: {"success":true}
ERRO: Nenhum erro

==== 2025-03-19 17:02:23 ENVIANDO POSTBACK ====
URL: https://dekoola.com/wp-json/autonami/v1/webhook/?bwfan_autonami_webhook_id=10&bwfan_autonami_webhook_key=92c39df617252d128219dba772cff29a
METHOD: GET
PAYLOAD:
{
    "subid": "67daf892c0334",
    "status": "Lead",
    "prelanding": "preland2",
    "landing": "site4",
    "name": "dddd",
    "email": "site4",
    "phone": "ddddd@gmail.com"
}

==== 2025-03-19 17:02:28 RESPOSTA DO WEBHOOK ====
HTTP CODE: 0
CONTEÚDO: Sem conteúdo
ERRO: Operation timed out after 5001 milliseconds with 0 bytes received

==== 2025-03-19 17:02:28 ENVIANDO POSTBACK ====
URL: https://dekoola.com/wp-json/autonami/v1/webhook/?bwfan_autonami_webhook_id=10&bwfan_autonami_webhook_key=92c39df617252d128219dba772cff29a
METHOD: GET
PAYLOAD:
{
    "subid": "67daf892c0334",
    "status": "Lead",
    "prelanding": "preland2",
    "landing": "site4",
    "name": "dddd",
    "email": "ddddd@gmail.com"
}

==== 2025-03-19 17:02:31 RESPOSTA DO WEBHOOK ====
HTTP CODE: 200
CONTEÚDO: {"success":true}
ERRO: Nenhum erro

==== 2025-03-19 17:03:28 ENVIANDO POSTBACK ====
URL: https://dekoola.com/wp-json/autonami/v1/webhook/?bwfan_autonami_webhook_id=10&bwfan_autonami_webhook_key=92c39df617252d128219dba772cff29a
METHOD: GET
PAYLOAD:
{
    "subid": "67d8fd258c488",
    "status": "Purchase",
    "prelanding": "unknown",
    "landing": "unknown",
    "name": "x",
    "email": "site4",
    "phone": "xx@gmail.com"
}

==== 2025-03-19 17:03:33 RESPOSTA DO WEBHOOK ====
HTTP CODE: 0
CONTEÚDO: Sem conteúdo
ERRO: Operation timed out after 5001 milliseconds with 0 bytes received

==== 2025-03-19 18:14:08 ENVIANDO POSTBACK ====
URL: https://dekoola.com/wp-json/autonami/v1/webhook/?bwfan_autonami_webhook_id=10&bwfan_autonami_webhook_key=92c39df617252d128219dba772cff29a
METHOD: GET
PAYLOAD:
{
    "subid": "subid_6604a440e235978a2305",
    "status": "Lead",
    "prelanding": "unknown",
    "landing": "unknown",
    "name": "TesteLead",
    "email": "teste@example.com",
    "phone": "123456789"
}

==== 2025-03-19 18:14:12 RESPOSTA DO WEBHOOK ====
HTTP CODE: 200
CONTEÚDO: {"success":true}
ERRO: Nenhum erro

==== 2025-03-19 18:14:45 ENVIANDO POSTBACK ====
URL: https://dekoola.com/wp-json/autonami/v1/webhook/?bwfan_autonami_webhook_id=10&bwfan_autonami_webhook_key=92c39df617252d128219dba772cff29a
METHOD: GET
PAYLOAD:
{
    "subid": "subid_6604a440e235978a2305",
    "status": "Reject",
    "prelanding": "unknown",
    "landing": "unknown",
    "name": "TesteLead",
    "phone": "teste@example.com"
}

==== 2025-03-19 18:14:47 RESPOSTA DO WEBHOOK ====
HTTP CODE: 200
CONTEÚDO: {"success":true}
ERRO: Nenhum erro

==== 2025-03-19 18:15:07 ENVIANDO POSTBACK ====
URL: https://dekoola.com/wp-json/autonami/v1/webhook/?bwfan_autonami_webhook_id=10&bwfan_autonami_webhook_key=92c39df617252d128219dba772cff29a
METHOD: GET
PAYLOAD:
{
    "subid": "subid_6604a440e235978a2305",
    "status": "Trash",
    "prelanding": "unknown",
    "landing": "unknown",
    "name": "TesteLead",
    "phone": "teste@example.com"
}

==== 2025-03-19 18:15:09 RESPOSTA DO WEBHOOK ====
HTTP CODE: 200
CONTEÚDO: {"success":true}
ERRO: Nenhum erro

==== 2025-03-19 18:31:11 ENVIANDO POSTBACK ====
URL: https://dekoola.com/wp-json/autonami/v1/webhook/?bwfan_autonami_webhook_id=10&bwfan_autonami_webhook_key=92c39df617252d128219dba772cff29a
METHOD: GET
PAYLOAD:
{
    "subid": "subid_b11e14f8c1cef226288c",
    "status": "Lead",
    "prelanding": "unknown",
    "landing": "unknown",
    "name": "TesteUsuario",
    "email": "teste@example.com",
    "phone": "123456789"
}

==== 2025-03-19 18:31:14 RESPOSTA DO WEBHOOK ====
HTTP CODE: 200
CONTEÚDO: {"success":true}
ERRO: Nenhum erro

==== 2025-03-19 18:31:48 ENVIANDO POSTBACK ====
URL: https://dekoola.com/wp-json/autonami/v1/webhook/?bwfan_autonami_webhook_id=10&bwfan_autonami_webhook_key=92c39df617252d128219dba772cff29a
METHOD: GET
PAYLOAD:
{
    "subid": "subid_e4b91d326eff887ea654",
    "status": "Lead",
    "prelanding": "unknown",
    "landing": "unknown",
    "name": "TesteUsuario2",
    "email": "teste2@example.com",
    "phone": "123456789"
}

==== 2025-03-19 18:31:52 RESPOSTA DO WEBHOOK ====
HTTP CODE: 200
CONTEÚDO: {"success":true}
ERRO: Nenhum erro

==== 2025-03-19 18:33:17 ENVIANDO POSTBACK ====
URL: https://dekoola.com/wp-json/autonami/v1/webhook/?bwfan_autonami_webhook_id=10&bwfan_autonami_webhook_key=92c39df617252d128219dba772cff29a
METHOD: GET
PAYLOAD:
{
    "subid": "subid_teste_1742409197",
    "status": "Lead",
    "prelanding": "unknown",
    "landing": "unknown",
    "name": "TesteCorrigido",
    "email": "corrigido@example.com",
    "phone": "123456789"
}

==== 2025-03-19 18:33:22 RESPOSTA DO WEBHOOK ====
HTTP CODE: 200
CONTEÚDO: {"success":true}
ERRO: Nenhum erro

==== 2025-03-19 18:33:22 ENVIANDO POSTBACK ====
URL: https://dekoola.com/wp-json/autonami/v1/webhook/?bwfan_autonami_webhook_id=10&bwfan_autonami_webhook_key=92c39df617252d128219dba772cff29a
METHOD: GET
PAYLOAD:
{
    "subid": "subid_teste_1742409197",
    "status": "Lead",
    "prelanding": "unknown",
    "landing": "unknown",
    "name": "TesteCorrigido",
    "email": "corrigido@example.com",
    "phone": "123456789"
}

==== 2025-03-19 18:33:25 RESPOSTA DO WEBHOOK ====
HTTP CODE: 200
CONTEÚDO: {"success":true}
ERRO: Nenhum erro

<<<<<<< HEAD
=======
==== 2025-03-19 21:37:36 ENVIANDO POSTBACK ====
URL: https://dekoola.com/wp-json/autonami/v1/webhook/?bwfan_autonami_webhook_id=10&bwfan_autonami_webhook_key=92c39df617252d128219dba772cff29a
METHOD: GET
PAYLOAD:
{
    "subid": "67d8fd258c488",
    "status": "Lead",
    "prelanding": "preland",
    "landing": "site4",
    "name": "site4",
    "email": "site4@gmail.com"
}

==== 2025-03-19 21:37:39 RESPOSTA DO WEBHOOK ====
HTTP CODE: 200
CONTEÚDO: {"success":true}
ERRO: Nenhum erro

==== 2025-03-19 21:37:39 ENVIANDO POSTBACK ====
URL: https://dekoola.com/wp-json/autonami/v1/webhook/?bwfan_autonami_webhook_id=10&bwfan_autonami_webhook_key=92c39df617252d128219dba772cff29a
METHOD: GET
PAYLOAD:
{
    "subid": "67d8fd258c488",
    "status": "Lead",
    "prelanding": "preland",
    "landing": "site4",
    "name": "site4",
    "email": "site4@gmail.com"
}

==== 2025-03-19 21:37:42 RESPOSTA DO WEBHOOK ====
HTTP CODE: 200
CONTEÚDO: {"success":true}
ERRO: Nenhum erro

==== 2025-03-19 21:50:34 ENVIANDO POSTBACK ====
URL: https://dekoola.com/wp-json/autonami/v1/webhook/?bwfan_autonami_webhook_id=10&bwfan_autonami_webhook_key=92c39df617252d128219dba772cff29a
METHOD: GET
PAYLOAD:
{
    "subid": "67d8fd258c488",
    "status": "Lead",
    "prelanding": "preland",
    "landing": "site4",
    "name": "191850",
    "email": "191850@gmail.com"
}

==== 2025-03-19 21:50:37 RESPOSTA DO WEBHOOK ====
HTTP CODE: 200
CONTEÚDO: {"success":true}
ERRO: Nenhum erro

==== 2025-03-19 21:50:37 ENVIANDO POSTBACK ====
URL: https://dekoola.com/wp-json/autonami/v1/webhook/?bwfan_autonami_webhook_id=10&bwfan_autonami_webhook_key=92c39df617252d128219dba772cff29a
METHOD: GET
PAYLOAD:
{
    "subid": "67d8fd258c488",
    "status": "Lead",
    "prelanding": "preland",
    "landing": "site4",
    "name": "191850",
    "email": "191850@gmail.com"
}

==== 2025-03-19 21:50:41 RESPOSTA DO WEBHOOK ====
HTTP CODE: 200
CONTEÚDO: {"success":true}
ERRO: Nenhum erro

==== 2025-03-19 21:59:35 ENVIANDO POSTBACK ====
URL: https://dekoola.com/wp-json/autonami/v1/webhook/?bwfan_autonami_webhook_id=10&bwfan_autonami_webhook_key=92c39df617252d128219dba772cff29a
METHOD: GET
PAYLOAD:
{
    "subid": "67d8fd258c488",
    "status": "Lead",
    "prelanding": "preland",
    "landing": "site4",
    "name": "a",
    "email": "alexalxs@gmail.com"
}

==== 2025-03-19 21:59:38 RESPOSTA DO WEBHOOK ====
HTTP CODE: 200
CONTEÚDO: {"success":true}
ERRO: Nenhum erro

==== 2025-03-19 21:59:38 ENVIANDO POSTBACK ====
URL: https://dekoola.com/wp-json/autonami/v1/webhook/?bwfan_autonami_webhook_id=10&bwfan_autonami_webhook_key=92c39df617252d128219dba772cff29a
METHOD: GET
PAYLOAD:
{
    "subid": "67d8fd258c488",
    "status": "Lead",
    "prelanding": "preland",
    "landing": "site4",
    "name": "a",
    "email": "alexalxs@gmail.com"
}

==== 2025-03-19 21:59:41 RESPOSTA DO WEBHOOK ====
HTTP CODE: 200
CONTEÚDO: {"success":true}
ERRO: Nenhum erro

>>>>>>> Gatillos-Invisibles-de-la-Atraccion
