[2025-03-19 01:22:28] --- INÍCIO DO PROCESSAMENTO ---
[2025-03-19 01:22:28] POST recebido: {"black_landing_folder_redirect_url":"https:\/\/teste.example.com"}
[2025-03-19 01:22:28] Arquivo: /Users/alexsantos/Repositories/ycp2/volume/admin/../settings.json
[2025-03-19 01:22:28] Permissões: 0644
[2025-03-19 01:22:28] Proprietário: alexsantos
[2025-03-19 01:22:28] Usuário atual: alexsantos
[2025-03-19 01:22:28] Configuração carregada com sucesso
[2025-03-19 01:22:28] Processando campo: black_landing_folder_redirect_url => black.landing.folder.redirect.url com valor: https://teste.example.com
[2025-03-19 01:22:28] Valor de black.landing.folder.redirect_url: https://dekoola.com/ch/hack/x
[2025-03-19 01:22:28] Tentando salvar configurações...
[2025-03-19 01:22:28] Backup criado em /Users/alexsantos/Repositories/ycp2/volume/admin/../settings.json.bak
[2025-03-19 01:22:28] Configuração salva com sucesso usando toFile()
[2025-03-19 01:22:28] Verificação pós-salvamento: black.landing.folder.redirect_url = https://dekoola.com/ch/hack/x
[2025-03-19 01:22:28] Configuração também salva usando file_put_contents()
[2025-03-19 01:22:28] --- FIM DO PROCESSAMENTO COM SUCESSO ---

[2025-03-19 01:23:21] --- INÍCIO DO PROCESSAMENTO ---
[2025-03-19 01:23:21] POST recebido: {"black_landing_folder_redirect_url":"https:\/\/teste2.example.com"}
[2025-03-19 01:23:21] Arquivo: /Users/alexsantos/Repositories/ycp2/volume/admin/../settings.json
[2025-03-19 01:23:21] Permissões: 0644
[2025-03-19 01:23:21] Proprietário: alexsantos
[2025-03-19 01:23:21] Usuário atual: alexsantos
[2025-03-19 01:23:21] Configuração carregada com sucesso
[2025-03-19 01:23:21] Processando campo: black_landing_folder_redirect_url => black.landing.folder.redirect.url com valor: https://teste2.example.com
[2025-03-19 01:23:21] Caso especial: Corrigindo chave para black.landing.folder.redirect_url
[2025-03-19 01:23:21] Valor de black.landing.folder.redirect_url: https://teste2.example.com
[2025-03-19 01:23:21] Tentando salvar configurações...
[2025-03-19 01:23:21] Backup criado em /Users/alexsantos/Repositories/ycp2/volume/admin/../settings.json.bak
[2025-03-19 01:23:21] Configuração salva com sucesso usando toFile()
[2025-03-19 01:23:21] Verificação pós-salvamento: black.landing.folder.redirect_url = https://teste2.example.com
[2025-03-19 01:23:21] Configuração também salva usando file_put_contents()
[2025-03-19 01:23:21] --- FIM DO PROCESSAMENTO COM SUCESSO ---

[2025-03-19 01:23:43] --- INÍCIO DO PROCESSAMENTO ---
[2025-03-19 01:23:43] POST recebido: {"white_action":"folder","white_folder_names":"white2","white_redirect_urls":"https:\/\/google.com","white_redirect_type":"303","white_curl_urls":"https:\/\/dekoola.com\/","white_error_codes":"","white_domainfilter_use":"false","white_domainfilter_domains":[{"name":"lalala.xxx.com","action":"site:white"},{"name":"lamama.xxx.com","action":"site:white"}],"white_jschecks_enabled":"false","white_jschecks_timeout":"40000","white_jschecks_events":["audiocontext","timezone"],"white_jschecks_tzstart":"-3","white_jschecks_tzend":"4","white_jschecks_obfuscate":"true","black_prelanding_action":"none","black_prelanding_folders":"preland1,preland2","black_landing_action":"folder","black_landing_folder_names":"site4","black_landing_folder_redirect_url":"https:\/\/teste2.example.com2","black_landing_folder_customthankyoupage_language":"PT","black_landing_folder_conversions_script":"order.php","black_landing_folder_customthankyoupage_upsell_use":"false","black_landing_folder_customthankyoupage_upsell_header":"This is a header!","black_landing_folder_customthankyoupage_upsell_text":"This is a text!","black_landing_folder_customthankyoupage_upsell_url":"http:\/\/ya.ru","black_landing_folder_customthankyoupage_upsell_imgdir":"img","black_landing_folder_conversions_logonbuttonclick":"false","pixels_fb_conversion_fireonbutton":"false","pixels_tt_conversion_fireonbutton":"false","black_landing_redirect_urls":"https:\/\/yandex.ru","black_landing_redirect_type":"303","black_jsconnect":"replace","pixels_gtm_id":"","pixels_ya_id":"","pixels_fb_subname":"px","pixels_fb_pageview":"true","pixels_fb_viewcontent_use":"false","pixels_fb_viewcontent_time":"30","pixels_fb_viewcontent_percent":"75","pixels_fb_conversion_event":"Lead","pixels_tt_subname":"tpx","pixels_tt_pageview":"true","pixels_tt_viewcontent_use":"true","pixels_tt_viewcontent_time":"30","pixels_tt_viewcontent_percent":"75","pixels_tt_conversion_event":"Purchase","tds_mode":"off","tds_saveuserflow":"false","tds_filters_allowed_os":"","tds_filters_allowed_countries":"","tds_filters_allowed_languages":"","tds_filters_blocked_ips_filename":"","tds_filters_blocked_ips_cidrformat":"false","tds_filters_blocked_tokens":"","tds_filters_allowed_inurl":"key=2","tds_filters_blocked_useragents":"facebook,Facebot,curl,gce-spider,yandex.com\/bots,OdklBot","tds_filters_blocked_isps":"facebook,google,yandex,amazon,azure,digitalocean,microsoft","tds_filters_blocked_referer_empty":"false","tds_filters_blocked_referer_stopwords":"","tds_filters_blocked_vpntor":"false","scripts_back_action":"off","scripts_back_value":"https:\/\/ya.ru","scripts_disabletextcopy":"false","scripts_prelandingreplace_use":"false","scripts_prelandingreplace_url":"https:\/\/ya.ru","scripts_landingreplace_use":"false","scripts_landingreplace_url":"https:\/\/ya.ru","scripts_phonemask_use":"true","scripts_phonemask_mask":"+7(\\\\999)999-99-99","scripts_comebacker":"false","scripts_callbacker":"false","scripts_addedtocart":"false","scripts_imageslazyload":"true","subids":[{"name":"subid","rewrite":"sub1"},{"name":"adn","rewrite":"sub2"},{"name":"ad","rewrite":"sub3"},{"name":"pl","rewrite":"sub4"}],"statistics_password":"12345","statistics_timezone":"America\/Sao_Paulo","statistics_subnames":[{"name":"adn","value":"Adset"},{"name":"ad","value":"Creative"},{"name":"pl","value":"Placement"}],"postback_lead":"Lead","postback_purchase":"Purchase","postback_reject":"Reject","postback_trash":"Trash","postback_s2s":[{"url":"https:\/\/dekoola.com\/wp-json\/autonami\/v1\/webhook\/?bwfan_autonami_webhook_id=10&bwfan_autonami_webhook_key=92c39df617252d128219dba772cff29a","method":"GET","events":["Lead","Purchase","Reject","Trash"]}]}
[2025-03-19 01:23:43] Arquivo: /Users/alexsantos/Repositories/ycp2/volume/admin/../settings.json
[2025-03-19 01:23:43] Permissões: 0644
[2025-03-19 01:23:43] Proprietário: alexsantos
[2025-03-19 01:23:43] Usuário atual: alexsantos
[2025-03-19 01:23:43] Configuração carregada com sucesso
[2025-03-19 01:23:43] Processando campo: white_action => white.action com valor: folder
[2025-03-19 01:23:43] Processando campo: white_folder_names => white.folder.names com valor: white2
[2025-03-19 01:23:43] Processando campo: white_redirect_urls => white.redirect.urls com valor: https://google.com
[2025-03-19 01:23:43] Processando campo: white_redirect_type => white.redirect.type com valor: 303
[2025-03-19 01:23:43] Processando campo: white_curl_urls => white.curl.urls com valor: https://dekoola.com/
[2025-03-19 01:23:43] Processando campo: white_error_codes => white.error.codes com valor: 
[2025-03-19 01:23:43] Processando campo: white_domainfilter_use => white.domainfilter.use com valor: false
[2025-03-19 01:23:43] Processando campo: white_domainfilter_domains => white.domainfilter.domains com valor: [{"name":"lalala.xxx.com","action":"site:white"},{"name":"lamama.xxx.com","action":"site:white"}]
[2025-03-19 01:23:43] Processando campo: white_jschecks_enabled => white.jschecks.enabled com valor: false
[2025-03-19 01:23:43] Processando campo: white_jschecks_timeout => white.jschecks.timeout com valor: 40000
[2025-03-19 01:23:43] Processando campo: white_jschecks_events => white.jschecks.events com valor: ["audiocontext","timezone"]
[2025-03-19 01:23:43] Processando campo: white_jschecks_tzstart => white.jschecks.tzstart com valor: -3
[2025-03-19 01:23:43] Processando campo: white_jschecks_tzend => white.jschecks.tzend com valor: 4
[2025-03-19 01:23:43] Processando campo: white_jschecks_obfuscate => white.jschecks.obfuscate com valor: true
[2025-03-19 01:23:43] Processando campo: black_prelanding_action => black.prelanding.action com valor: none
[2025-03-19 01:23:43] Processando campo: black_prelanding_folders => black.prelanding.folders com valor: preland1,preland2
[2025-03-19 01:23:43] Processando campo: black_landing_action => black.landing.action com valor: folder
[2025-03-19 01:23:43] Processando campo: black_landing_folder_names => black.landing.folder.names com valor: site4
[2025-03-19 01:23:43] Processando campo: black_landing_folder_redirect_url => black.landing.folder.redirect.url com valor: https://teste2.example.com2
[2025-03-19 01:23:43] Caso especial: Corrigindo chave para black.landing.folder.redirect_url
[2025-03-19 01:23:43] Processando campo: black_landing_folder_customthankyoupage_language => black.landing.folder.customthankyoupage.language com valor: PT
[2025-03-19 01:23:43] Processando campo: black_landing_folder_conversions_script => black.landing.folder.conversions.script com valor: order.php
[2025-03-19 01:23:43] Processando campo: black_landing_folder_customthankyoupage_upsell_use => black.landing.folder.customthankyoupage.upsell.use com valor: false
[2025-03-19 01:23:43] Processando campo: black_landing_folder_customthankyoupage_upsell_header => black.landing.folder.customthankyoupage.upsell.header com valor: This is a header!
[2025-03-19 01:23:43] Processando campo: black_landing_folder_customthankyoupage_upsell_text => black.landing.folder.customthankyoupage.upsell.text com valor: This is a text!
[2025-03-19 01:23:43] Processando campo: black_landing_folder_customthankyoupage_upsell_url => black.landing.folder.customthankyoupage.upsell.url com valor: http://ya.ru
[2025-03-19 01:23:43] Processando campo: black_landing_folder_customthankyoupage_upsell_imgdir => black.landing.folder.customthankyoupage.upsell.imgdir com valor: img
[2025-03-19 01:23:43] Processando campo: black_landing_folder_conversions_logonbuttonclick => black.landing.folder.conversions.logonbuttonclick com valor: false
[2025-03-19 01:23:43] Processando campo: pixels_fb_conversion_fireonbutton => pixels.fb.conversion.fireonbutton com valor: false
[2025-03-19 01:23:43] Processando campo: pixels_tt_conversion_fireonbutton => pixels.tt.conversion.fireonbutton com valor: false
[2025-03-19 01:23:43] Processando campo: black_landing_redirect_urls => black.landing.redirect.urls com valor: https://yandex.ru
[2025-03-19 01:23:43] Processando campo: black_landing_redirect_type => black.landing.redirect.type com valor: 303
[2025-03-19 01:23:43] Processando campo: black_jsconnect => black.jsconnect com valor: replace
[2025-03-19 01:23:43] Processando campo: pixels_gtm_id => pixels.gtm.id com valor: 
[2025-03-19 01:23:43] Processando campo: pixels_ya_id => pixels.ya.id com valor: 
[2025-03-19 01:23:43] Processando campo: pixels_fb_subname => pixels.fb.subname com valor: px
[2025-03-19 01:23:43] Processando campo: pixels_fb_pageview => pixels.fb.pageview com valor: true
[2025-03-19 01:23:43] Processando campo: pixels_fb_viewcontent_use => pixels.fb.viewcontent.use com valor: false
[2025-03-19 01:23:43] Processando campo: pixels_fb_viewcontent_time => pixels.fb.viewcontent.time com valor: 30
[2025-03-19 01:23:43] Processando campo: pixels_fb_viewcontent_percent => pixels.fb.viewcontent.percent com valor: 75
[2025-03-19 01:23:43] Processando campo: pixels_fb_conversion_event => pixels.fb.conversion.event com valor: Lead
[2025-03-19 01:23:43] Processando campo: pixels_tt_subname => pixels.tt.subname com valor: tpx
[2025-03-19 01:23:43] Processando campo: pixels_tt_pageview => pixels.tt.pageview com valor: true
[2025-03-19 01:23:43] Processando campo: pixels_tt_viewcontent_use => pixels.tt.viewcontent.use com valor: true
[2025-03-19 01:23:43] Processando campo: pixels_tt_viewcontent_time => pixels.tt.viewcontent.time com valor: 30
[2025-03-19 01:23:43] Processando campo: pixels_tt_viewcontent_percent => pixels.tt.viewcontent.percent com valor: 75
[2025-03-19 01:23:43] Processando campo: pixels_tt_conversion_event => pixels.tt.conversion.event com valor: Purchase
[2025-03-19 01:23:43] Processando campo: tds_mode => tds.mode com valor: off
[2025-03-19 01:23:43] Processando campo: tds_saveuserflow => tds.saveuserflow com valor: false
[2025-03-19 01:23:43] Processando campo: tds_filters_allowed_os => tds.filters.allowed.os com valor: 
[2025-03-19 01:23:43] Processando campo: tds_filters_allowed_countries => tds.filters.allowed.countries com valor: 
[2025-03-19 01:23:43] Processando campo: tds_filters_allowed_languages => tds.filters.allowed.languages com valor: 
[2025-03-19 01:23:43] Processando campo: tds_filters_blocked_ips_filename => tds.filters.blocked.ips.filename com valor: 
[2025-03-19 01:23:43] Processando campo: tds_filters_blocked_ips_cidrformat => tds.filters.blocked.ips.cidrformat com valor: false
[2025-03-19 01:23:43] Processando campo: tds_filters_blocked_tokens => tds.filters.blocked.tokens com valor: 
[2025-03-19 01:23:43] Processando campo: tds_filters_allowed_inurl => tds.filters.allowed.inurl com valor: key=2
[2025-03-19 01:23:43] Processando campo: tds_filters_blocked_useragents => tds.filters.blocked.useragents com valor: facebook,Facebot,curl,gce-spider,yandex.com/bots,OdklBot
[2025-03-19 01:23:43] Processando campo: tds_filters_blocked_isps => tds.filters.blocked.isps com valor: facebook,google,yandex,amazon,azure,digitalocean,microsoft
[2025-03-19 01:23:43] Processando campo: tds_filters_blocked_referer_empty => tds.filters.blocked.referer.empty com valor: false
[2025-03-19 01:23:43] Processando campo: tds_filters_blocked_referer_stopwords => tds.filters.blocked.referer.stopwords com valor: 
[2025-03-19 01:23:43] Processando campo: tds_filters_blocked_vpntor => tds.filters.blocked.vpntor com valor: false
[2025-03-19 01:23:43] Processando campo: scripts_back_action => scripts.back.action com valor: off
[2025-03-19 01:23:43] Processando campo: scripts_back_value => scripts.back.value com valor: https://ya.ru
[2025-03-19 01:23:43] Processando campo: scripts_disabletextcopy => scripts.disabletextcopy com valor: false
[2025-03-19 01:23:43] Processando campo: scripts_prelandingreplace_use => scripts.prelandingreplace.use com valor: false
[2025-03-19 01:23:43] Processando campo: scripts_prelandingreplace_url => scripts.prelandingreplace.url com valor: https://ya.ru
[2025-03-19 01:23:43] Processando campo: scripts_landingreplace_use => scripts.landingreplace.use com valor: false
[2025-03-19 01:23:43] Processando campo: scripts_landingreplace_url => scripts.landingreplace.url com valor: https://ya.ru
[2025-03-19 01:23:43] Processando campo: scripts_phonemask_use => scripts.phonemask.use com valor: true
[2025-03-19 01:23:43] Processando campo: scripts_phonemask_mask => scripts.phonemask.mask com valor: +7(\\999)999-99-99
[2025-03-19 01:23:43] Processando campo: scripts_comebacker => scripts.comebacker com valor: false
[2025-03-19 01:23:43] Processando campo: scripts_callbacker => scripts.callbacker com valor: false
[2025-03-19 01:23:43] Processando campo: scripts_addedtocart => scripts.addedtocart com valor: false
[2025-03-19 01:23:43] Processando campo: scripts_imageslazyload => scripts.imageslazyload com valor: true
[2025-03-19 01:23:43] Processando campo: subids => subids com valor: [{"name":"subid","rewrite":"sub1"},{"name":"adn","rewrite":"sub2"},{"name":"ad","rewrite":"sub3"},{"name":"pl","rewrite":"sub4"}]
[2025-03-19 01:23:43] Processando campo: statistics_password => statistics.password com valor: 12345
[2025-03-19 01:23:43] Processando campo: statistics_timezone => statistics.timezone com valor: America/Sao_Paulo
[2025-03-19 01:23:43] Processando campo: statistics_subnames => statistics.subnames com valor: [{"name":"adn","value":"Adset"},{"name":"ad","value":"Creative"},{"name":"pl","value":"Placement"}]
[2025-03-19 01:23:43] Processando campo: postback_lead => postback.lead com valor: Lead
[2025-03-19 01:23:43] Processando campo: postback_purchase => postback.purchase com valor: Purchase
[2025-03-19 01:23:43] Processando campo: postback_reject => postback.reject com valor: Reject
[2025-03-19 01:23:43] Processando campo: postback_trash => postback.trash com valor: Trash
[2025-03-19 01:23:43] Processando campo: postback_s2s => postback.s2s com valor: [{"url":"https:\/\/dekoola.com\/wp-json\/autonami\/v1\/webhook\/?bwfan_autonami_webhook_id=10&bwfan_autonami_webhook_key=92c39df617252d128219dba772cff29a","method":"GET","events":["Lead","Purchase","Reject","Trash"]}]
[2025-03-19 01:23:43] Valor de black.landing.folder.redirect_url: https://teste2.example.com2
[2025-03-19 01:23:43] Tentando salvar configurações...
[2025-03-19 01:23:43] Backup criado em /Users/alexsantos/Repositories/ycp2/volume/admin/../settings.json.bak
[2025-03-19 01:23:43] Configuração salva com sucesso usando toFile()
[2025-03-19 01:23:43] Verificação pós-salvamento: black.landing.folder.redirect_url = https://teste2.example.com2
[2025-03-19 01:23:43] Configuração também salva usando file_put_contents()
[2025-03-19 01:23:43] --- FIM DO PROCESSAMENTO COM SUCESSO ---

[2025-03-19 01:30:25] --- INÍCIO DO PROCESSAMENTO ---
[2025-03-19 01:30:25] POST recebido: {"white_action":"folder","white_folder_names":"white2","white_redirect_urls":"https:\/\/google.com","white_redirect_type":"303","white_curl_urls":"https:\/\/dekoola.com\/","white_error_codes":"","white_domainfilter_use":"false","white_domainfilter_domains":[{"name":"lalala.xxx.com","action":"site:white"},{"name":"lamama.xxx.com","action":"site:white"}],"white_jschecks_enabled":"false","white_jschecks_timeout":"40000","white_jschecks_events":["audiocontext","timezone"],"white_jschecks_tzstart":"-3","white_jschecks_tzend":"4","white_jschecks_obfuscate":"true","black_prelanding_action":"none","black_prelanding_folders":"preland1,preland2","black_landing_action":"folder","black_landing_folder_names":"site4","black_landing_folder_redirect_url":"https:\/\/teste2.example.com22","black_landing_folder_customthankyoupage_language":"PT","black_landing_folder_conversions_script":"order.php","black_landing_folder_customthankyoupage_upsell_use":"false","black_landing_folder_customthankyoupage_upsell_header":"This is a header!","black_landing_folder_customthankyoupage_upsell_text":"This is a text!","black_landing_folder_customthankyoupage_upsell_url":"http:\/\/ya.ru","black_landing_folder_customthankyoupage_upsell_imgdir":"img","black_landing_folder_conversions_logonbuttonclick":"false","pixels_fb_conversion_fireonbutton":"false","pixels_tt_conversion_fireonbutton":"false","black_landing_redirect_urls":"https:\/\/yandex.ru","black_landing_redirect_type":"303","black_jsconnect":"replace","pixels_gtm_id":"","pixels_ya_id":"","pixels_fb_subname":"px","pixels_fb_pageview":"true","pixels_fb_viewcontent_use":"false","pixels_fb_viewcontent_time":"30","pixels_fb_viewcontent_percent":"75","pixels_fb_conversion_event":"Lead","pixels_tt_subname":"tpx","pixels_tt_pageview":"true","pixels_tt_viewcontent_use":"true","pixels_tt_viewcontent_time":"30","pixels_tt_viewcontent_percent":"75","pixels_tt_conversion_event":"Purchase","tds_mode":"off","tds_saveuserflow":"false","tds_filters_allowed_os":"","tds_filters_allowed_countries":"","tds_filters_allowed_languages":"","tds_filters_blocked_ips_filename":"","tds_filters_blocked_ips_cidrformat":"false","tds_filters_blocked_tokens":"","tds_filters_allowed_inurl":"key=2","tds_filters_blocked_useragents":"facebook,Facebot,curl,gce-spider,yandex.com\/bots,OdklBot","tds_filters_blocked_isps":"facebook,google,yandex,amazon,azure,digitalocean,microsoft","tds_filters_blocked_referer_empty":"false","tds_filters_blocked_referer_stopwords":"","tds_filters_blocked_vpntor":"false","scripts_back_action":"off","scripts_back_value":"https:\/\/ya.ru","scripts_disabletextcopy":"false","scripts_prelandingreplace_use":"false","scripts_prelandingreplace_url":"https:\/\/ya.ru","scripts_landingreplace_use":"false","scripts_landingreplace_url":"https:\/\/ya.ru","scripts_phonemask_use":"true","scripts_phonemask_mask":"+7(\\\\999)999-99-99","scripts_comebacker":"false","scripts_callbacker":"false","scripts_addedtocart":"false","scripts_imageslazyload":"true","subids":[{"name":"subid","rewrite":"sub1"},{"name":"adn","rewrite":"sub2"},{"name":"ad","rewrite":"sub3"},{"name":"pl","rewrite":"sub4"}],"statistics_password":"12345","statistics_timezone":"America\/Sao_Paulo","statistics_subnames":[{"name":"adn","value":"Adset"},{"name":"ad","value":"Creative"},{"name":"pl","value":"Placement"}],"postback_lead":"Lead","postback_purchase":"Purchase","postback_reject":"Reject","postback_trash":"Trash","postback_s2s":[{"url":"https:\/\/dekoola.com\/wp-json\/autonami\/v1\/webhook\/?bwfan_autonami_webhook_id=10&bwfan_autonami_webhook_key=92c39df617252d128219dba772cff29a","method":"GET","events":["Lead","Purchase","Reject","Trash"]}]}
[2025-03-19 01:30:25] Arquivo: /Users/alexsantos/Repositories/ycp2/volume/admin/../settings.json
[2025-03-19 01:30:25] Permissões: 0644
[2025-03-19 01:30:25] Proprietário: alexsantos
[2025-03-19 01:30:25] Usuário atual: alexsantos
[2025-03-19 01:30:25] Configuração carregada com sucesso
[2025-03-19 01:30:25] Processando campo: white_action => white.action com valor: folder
[2025-03-19 01:30:25] Processando campo: white_folder_names => white.folder.names com valor: white2
[2025-03-19 01:30:25] Processando campo: white_redirect_urls => white.redirect.urls com valor: https://google.com
[2025-03-19 01:30:25] Processando campo: white_redirect_type => white.redirect.type com valor: 303
[2025-03-19 01:30:25] Processando campo: white_curl_urls => white.curl.urls com valor: https://dekoola.com/
[2025-03-19 01:30:25] Processando campo: white_error_codes => white.error.codes com valor: 
[2025-03-19 01:30:25] Processando campo: white_domainfilter_use => white.domainfilter.use com valor: false
[2025-03-19 01:30:25] Processando campo: white_domainfilter_domains => white.domainfilter.domains com valor: [{"name":"lalala.xxx.com","action":"site:white"},{"name":"lamama.xxx.com","action":"site:white"}]
[2025-03-19 01:30:25] Processando campo: white_jschecks_enabled => white.jschecks.enabled com valor: false
[2025-03-19 01:30:25] Processando campo: white_jschecks_timeout => white.jschecks.timeout com valor: 40000
[2025-03-19 01:30:25] Processando campo: white_jschecks_events => white.jschecks.events com valor: ["audiocontext","timezone"]
[2025-03-19 01:30:25] Processando campo: white_jschecks_tzstart => white.jschecks.tzstart com valor: -3
[2025-03-19 01:30:25] Processando campo: white_jschecks_tzend => white.jschecks.tzend com valor: 4
[2025-03-19 01:30:25] Processando campo: white_jschecks_obfuscate => white.jschecks.obfuscate com valor: true
[2025-03-19 01:30:25] Processando campo: black_prelanding_action => black.prelanding.action com valor: none
[2025-03-19 01:30:25] Processando campo: black_prelanding_folders => black.prelanding.folders com valor: preland1,preland2
[2025-03-19 01:30:25] Processando campo: black_landing_action => black.landing.action com valor: folder
[2025-03-19 01:30:25] Processando campo: black_landing_folder_names => black.landing.folder.names com valor: site4
[2025-03-19 01:30:25] Processando campo: black_landing_folder_redirect_url => black.landing.folder.redirect.url com valor: https://teste2.example.com22
[2025-03-19 01:30:25] Caso especial: Corrigindo chave para black.landing.folder.redirect_url
[2025-03-19 01:30:25] Processando campo: black_landing_folder_customthankyoupage_language => black.landing.folder.customthankyoupage.language com valor: PT
[2025-03-19 01:30:25] Processando campo: black_landing_folder_conversions_script => black.landing.folder.conversions.script com valor: order.php
[2025-03-19 01:30:25] Processando campo: black_landing_folder_customthankyoupage_upsell_use => black.landing.folder.customthankyoupage.upsell.use com valor: false
[2025-03-19 01:30:25] Processando campo: black_landing_folder_customthankyoupage_upsell_header => black.landing.folder.customthankyoupage.upsell.header com valor: This is a header!
[2025-03-19 01:30:25] Processando campo: black_landing_folder_customthankyoupage_upsell_text => black.landing.folder.customthankyoupage.upsell.text com valor: This is a text!
[2025-03-19 01:30:25] Processando campo: black_landing_folder_customthankyoupage_upsell_url => black.landing.folder.customthankyoupage.upsell.url com valor: http://ya.ru
[2025-03-19 01:30:25] Processando campo: black_landing_folder_customthankyoupage_upsell_imgdir => black.landing.folder.customthankyoupage.upsell.imgdir com valor: img
[2025-03-19 01:30:25] Processando campo: black_landing_folder_conversions_logonbuttonclick => black.landing.folder.conversions.logonbuttonclick com valor: false
[2025-03-19 01:30:25] Processando campo: pixels_fb_conversion_fireonbutton => pixels.fb.conversion.fireonbutton com valor: false
[2025-03-19 01:30:25] Processando campo: pixels_tt_conversion_fireonbutton => pixels.tt.conversion.fireonbutton com valor: false
[2025-03-19 01:30:25] Processando campo: black_landing_redirect_urls => black.landing.redirect.urls com valor: https://yandex.ru
[2025-03-19 01:30:25] Processando campo: black_landing_redirect_type => black.landing.redirect.type com valor: 303
[2025-03-19 01:30:25] Processando campo: black_jsconnect => black.jsconnect com valor: replace
[2025-03-19 01:30:25] Processando campo: pixels_gtm_id => pixels.gtm.id com valor: 
[2025-03-19 01:30:25] Processando campo: pixels_ya_id => pixels.ya.id com valor: 
[2025-03-19 01:30:25] Processando campo: pixels_fb_subname => pixels.fb.subname com valor: px
[2025-03-19 01:30:25] Processando campo: pixels_fb_pageview => pixels.fb.pageview com valor: true
[2025-03-19 01:30:25] Processando campo: pixels_fb_viewcontent_use => pixels.fb.viewcontent.use com valor: false
[2025-03-19 01:30:25] Processando campo: pixels_fb_viewcontent_time => pixels.fb.viewcontent.time com valor: 30
[2025-03-19 01:30:25] Processando campo: pixels_fb_viewcontent_percent => pixels.fb.viewcontent.percent com valor: 75
[2025-03-19 01:30:25] Processando campo: pixels_fb_conversion_event => pixels.fb.conversion.event com valor: Lead
[2025-03-19 01:30:25] Processando campo: pixels_tt_subname => pixels.tt.subname com valor: tpx
[2025-03-19 01:30:25] Processando campo: pixels_tt_pageview => pixels.tt.pageview com valor: true
[2025-03-19 01:30:25] Processando campo: pixels_tt_viewcontent_use => pixels.tt.viewcontent.use com valor: true
[2025-03-19 01:30:25] Processando campo: pixels_tt_viewcontent_time => pixels.tt.viewcontent.time com valor: 30
[2025-03-19 01:30:25] Processando campo: pixels_tt_viewcontent_percent => pixels.tt.viewcontent.percent com valor: 75
[2025-03-19 01:30:25] Processando campo: pixels_tt_conversion_event => pixels.tt.conversion.event com valor: Purchase
[2025-03-19 01:30:25] Processando campo: tds_mode => tds.mode com valor: off
[2025-03-19 01:30:25] Processando campo: tds_saveuserflow => tds.saveuserflow com valor: false
[2025-03-19 01:30:25] Processando campo: tds_filters_allowed_os => tds.filters.allowed.os com valor: 
[2025-03-19 01:30:25] Processando campo: tds_filters_allowed_countries => tds.filters.allowed.countries com valor: 
[2025-03-19 01:30:25] Processando campo: tds_filters_allowed_languages => tds.filters.allowed.languages com valor: 
[2025-03-19 01:30:25] Processando campo: tds_filters_blocked_ips_filename => tds.filters.blocked.ips.filename com valor: 
[2025-03-19 01:30:25] Processando campo: tds_filters_blocked_ips_cidrformat => tds.filters.blocked.ips.cidrformat com valor: false
[2025-03-19 01:30:25] Processando campo: tds_filters_blocked_tokens => tds.filters.blocked.tokens com valor: 
[2025-03-19 01:30:25] Processando campo: tds_filters_allowed_inurl => tds.filters.allowed.inurl com valor: key=2
[2025-03-19 01:30:25] Processando campo: tds_filters_blocked_useragents => tds.filters.blocked.useragents com valor: facebook,Facebot,curl,gce-spider,yandex.com/bots,OdklBot
[2025-03-19 01:30:25] Processando campo: tds_filters_blocked_isps => tds.filters.blocked.isps com valor: facebook,google,yandex,amazon,azure,digitalocean,microsoft
[2025-03-19 01:30:25] Processando campo: tds_filters_blocked_referer_empty => tds.filters.blocked.referer.empty com valor: false
[2025-03-19 01:30:25] Processando campo: tds_filters_blocked_referer_stopwords => tds.filters.blocked.referer.stopwords com valor: 
[2025-03-19 01:30:25] Processando campo: tds_filters_blocked_vpntor => tds.filters.blocked.vpntor com valor: false
[2025-03-19 01:30:25] Processando campo: scripts_back_action => scripts.back.action com valor: off
[2025-03-19 01:30:25] Processando campo: scripts_back_value => scripts.back.value com valor: https://ya.ru
[2025-03-19 01:30:25] Processando campo: scripts_disabletextcopy => scripts.disabletextcopy com valor: false
[2025-03-19 01:30:25] Processando campo: scripts_prelandingreplace_use => scripts.prelandingreplace.use com valor: false
[2025-03-19 01:30:25] Processando campo: scripts_prelandingreplace_url => scripts.prelandingreplace.url com valor: https://ya.ru
[2025-03-19 01:30:25] Processando campo: scripts_landingreplace_use => scripts.landingreplace.use com valor: false
[2025-03-19 01:30:25] Processando campo: scripts_landingreplace_url => scripts.landingreplace.url com valor: https://ya.ru
[2025-03-19 01:30:25] Processando campo: scripts_phonemask_use => scripts.phonemask.use com valor: true
[2025-03-19 01:30:25] Processando campo: scripts_phonemask_mask => scripts.phonemask.mask com valor: +7(\\999)999-99-99
[2025-03-19 01:30:25] Processando campo: scripts_comebacker => scripts.comebacker com valor: false
[2025-03-19 01:30:25] Processando campo: scripts_callbacker => scripts.callbacker com valor: false
[2025-03-19 01:30:25] Processando campo: scripts_addedtocart => scripts.addedtocart com valor: false
[2025-03-19 01:30:25] Processando campo: scripts_imageslazyload => scripts.imageslazyload com valor: true
[2025-03-19 01:30:25] Processando campo: subids => subids com valor: [{"name":"subid","rewrite":"sub1"},{"name":"adn","rewrite":"sub2"},{"name":"ad","rewrite":"sub3"},{"name":"pl","rewrite":"sub4"}]
[2025-03-19 01:30:25] Processando campo: statistics_password => statistics.password com valor: 12345
[2025-03-19 01:30:25] Processando campo: statistics_timezone => statistics.timezone com valor: America/Sao_Paulo
[2025-03-19 01:30:25] Processando campo: statistics_subnames => statistics.subnames com valor: [{"name":"adn","value":"Adset"},{"name":"ad","value":"Creative"},{"name":"pl","value":"Placement"}]
[2025-03-19 01:30:25] Processando campo: postback_lead => postback.lead com valor: Lead
[2025-03-19 01:30:25] Processando campo: postback_purchase => postback.purchase com valor: Purchase
[2025-03-19 01:30:25] Processando campo: postback_reject => postback.reject com valor: Reject
[2025-03-19 01:30:25] Processando campo: postback_trash => postback.trash com valor: Trash
[2025-03-19 01:30:25] Processando campo: postback_s2s => postback.s2s com valor: [{"url":"https:\/\/dekoola.com\/wp-json\/autonami\/v1\/webhook\/?bwfan_autonami_webhook_id=10&bwfan_autonami_webhook_key=92c39df617252d128219dba772cff29a","method":"GET","events":["Lead","Purchase","Reject","Trash"]}]
[2025-03-19 01:30:25] Valor de black.landing.folder.redirect_url: https://teste2.example.com22
[2025-03-19 01:30:25] Tentando salvar configurações...
[2025-03-19 01:30:25] Backup criado em /Users/alexsantos/Repositories/ycp2/volume/admin/../settings.json.bak
[2025-03-19 01:30:25] Configuração salva com sucesso usando toFile()
[2025-03-19 01:30:25] Verificação pós-salvamento: black.landing.folder.redirect_url = https://teste2.example.com22
[2025-03-19 01:30:25] Configuração também salva usando file_put_contents()
[2025-03-19 01:30:25] --- FIM DO PROCESSAMENTO COM SUCESSO ---

[2025-03-19 01:30:46] --- INÍCIO DO PROCESSAMENTO ---
[2025-03-19 01:30:46] POST recebido: {"white_action":"folder","white_folder_names":"white2","white_redirect_urls":"https:\/\/google.com","white_redirect_type":"303","white_curl_urls":"https:\/\/dekoola.com\/","white_error_codes":"","white_domainfilter_use":"false","white_domainfilter_domains":[{"name":"lalala.xxx.com","action":"site:white"},{"name":"lamama.xxx.com","action":"site:white"}],"white_jschecks_enabled":"false","white_jschecks_timeout":"40000","white_jschecks_events":["audiocontext","timezone"],"white_jschecks_tzstart":"-3","white_jschecks_tzend":"4","white_jschecks_obfuscate":"true","black_prelanding_action":"none","black_prelanding_folders":"preland1,preland2","black_landing_action":"folder","black_landing_folder_names":"site4","black_landing_folder_redirect_url":"https:\/\/teste2.example.com","black_landing_folder_customthankyoupage_language":"PT","black_landing_folder_conversions_script":"order.php","black_landing_folder_customthankyoupage_upsell_use":"false","black_landing_folder_customthankyoupage_upsell_header":"This is a header!","black_landing_folder_customthankyoupage_upsell_text":"This is a text!","black_landing_folder_customthankyoupage_upsell_url":"http:\/\/ya.ru","black_landing_folder_customthankyoupage_upsell_imgdir":"img","black_landing_folder_conversions_logonbuttonclick":"false","pixels_fb_conversion_fireonbutton":"false","pixels_tt_conversion_fireonbutton":"false","black_landing_redirect_urls":"https:\/\/yandex.ru","black_landing_redirect_type":"303","black_jsconnect":"replace","pixels_gtm_id":"","pixels_ya_id":"","pixels_fb_subname":"px","pixels_fb_pageview":"true","pixels_fb_viewcontent_use":"false","pixels_fb_viewcontent_time":"30","pixels_fb_viewcontent_percent":"75","pixels_fb_conversion_event":"Lead","pixels_tt_subname":"tpx","pixels_tt_pageview":"true","pixels_tt_viewcontent_use":"true","pixels_tt_viewcontent_time":"30","pixels_tt_viewcontent_percent":"75","pixels_tt_conversion_event":"Purchase","tds_mode":"off","tds_saveuserflow":"false","tds_filters_allowed_os":"","tds_filters_allowed_countries":"","tds_filters_allowed_languages":"","tds_filters_blocked_ips_filename":"","tds_filters_blocked_ips_cidrformat":"false","tds_filters_blocked_tokens":"","tds_filters_allowed_inurl":"key=2","tds_filters_blocked_useragents":"facebook,Facebot,curl,gce-spider,yandex.com\/bots,OdklBot","tds_filters_blocked_isps":"facebook,google,yandex,amazon,azure,digitalocean,microsoft","tds_filters_blocked_referer_empty":"false","tds_filters_blocked_referer_stopwords":"","tds_filters_blocked_vpntor":"false","scripts_back_action":"off","scripts_back_value":"https:\/\/ya.ru","scripts_disabletextcopy":"false","scripts_prelandingreplace_use":"false","scripts_prelandingreplace_url":"https:\/\/ya.ru","scripts_landingreplace_use":"false","scripts_landingreplace_url":"https:\/\/ya.ru","scripts_phonemask_use":"true","scripts_phonemask_mask":"+7(\\\\999)999-99-99","scripts_comebacker":"false","scripts_callbacker":"false","scripts_addedtocart":"false","scripts_imageslazyload":"true","subids":[{"name":"subid","rewrite":"sub1"},{"name":"adn","rewrite":"sub2"},{"name":"ad","rewrite":"sub3"},{"name":"pl","rewrite":"sub4"}],"statistics_password":"12345","statistics_timezone":"America\/Sao_Paulo","statistics_subnames":[{"name":"adn","value":"Adset"},{"name":"ad","value":"Creative"},{"name":"pl","value":"Placement"}],"postback_lead":"Lead","postback_purchase":"Purchase","postback_reject":"Reject","postback_trash":"Trash","postback_s2s":[{"url":"https:\/\/dekoola.com\/wp-json\/autonami\/v1\/webhook\/?bwfan_autonami_webhook_id=10&bwfan_autonami_webhook_key=92c39df617252d128219dba772cff29a","method":"GET","events":["Lead","Purchase","Reject","Trash"]}]}
[2025-03-19 01:30:46] Arquivo: /Users/alexsantos/Repositories/ycp2/volume/admin/../settings.json
[2025-03-19 01:30:46] Permissões: 0644
[2025-03-19 01:30:46] Proprietário: alexsantos
[2025-03-19 01:30:46] Usuário atual: alexsantos
[2025-03-19 01:30:46] Configuração carregada com sucesso
[2025-03-19 01:30:46] Processando campo: white_action => white.action com valor: folder
[2025-03-19 01:30:46] Processando campo: white_folder_names => white.folder.names com valor: white2
[2025-03-19 01:30:46] Processando campo: white_redirect_urls => white.redirect.urls com valor: https://google.com
[2025-03-19 01:30:46] Processando campo: white_redirect_type => white.redirect.type com valor: 303
[2025-03-19 01:30:46] Processando campo: white_curl_urls => white.curl.urls com valor: https://dekoola.com/
[2025-03-19 01:30:46] Processando campo: white_error_codes => white.error.codes com valor: 
[2025-03-19 01:30:46] Processando campo: white_domainfilter_use => white.domainfilter.use com valor: false
[2025-03-19 01:30:46] Processando campo: white_domainfilter_domains => white.domainfilter.domains com valor: [{"name":"lalala.xxx.com","action":"site:white"},{"name":"lamama.xxx.com","action":"site:white"}]
[2025-03-19 01:30:46] Processando campo: white_jschecks_enabled => white.jschecks.enabled com valor: false
[2025-03-19 01:30:46] Processando campo: white_jschecks_timeout => white.jschecks.timeout com valor: 40000
[2025-03-19 01:30:46] Processando campo: white_jschecks_events => white.jschecks.events com valor: ["audiocontext","timezone"]
[2025-03-19 01:30:46] Processando campo: white_jschecks_tzstart => white.jschecks.tzstart com valor: -3
[2025-03-19 01:30:46] Processando campo: white_jschecks_tzend => white.jschecks.tzend com valor: 4
[2025-03-19 01:30:46] Processando campo: white_jschecks_obfuscate => white.jschecks.obfuscate com valor: true
[2025-03-19 01:30:46] Processando campo: black_prelanding_action => black.prelanding.action com valor: none
[2025-03-19 01:30:46] Processando campo: black_prelanding_folders => black.prelanding.folders com valor: preland1,preland2
[2025-03-19 01:30:46] Processando campo: black_landing_action => black.landing.action com valor: folder
[2025-03-19 01:30:46] Processando campo: black_landing_folder_names => black.landing.folder.names com valor: site4
[2025-03-19 01:30:46] Processando campo: black_landing_folder_redirect_url => black.landing.folder.redirect.url com valor: https://teste2.example.com
[2025-03-19 01:30:46] Caso especial: Corrigindo chave para black.landing.folder.redirect_url
[2025-03-19 01:30:46] Processando campo: black_landing_folder_customthankyoupage_language => black.landing.folder.customthankyoupage.language com valor: PT
[2025-03-19 01:30:46] Processando campo: black_landing_folder_conversions_script => black.landing.folder.conversions.script com valor: order.php
[2025-03-19 01:30:46] Processando campo: black_landing_folder_customthankyoupage_upsell_use => black.landing.folder.customthankyoupage.upsell.use com valor: false
[2025-03-19 01:30:46] Processando campo: black_landing_folder_customthankyoupage_upsell_header => black.landing.folder.customthankyoupage.upsell.header com valor: This is a header!
[2025-03-19 01:30:46] Processando campo: black_landing_folder_customthankyoupage_upsell_text => black.landing.folder.customthankyoupage.upsell.text com valor: This is a text!
[2025-03-19 01:30:46] Processando campo: black_landing_folder_customthankyoupage_upsell_url => black.landing.folder.customthankyoupage.upsell.url com valor: http://ya.ru
[2025-03-19 01:30:46] Processando campo: black_landing_folder_customthankyoupage_upsell_imgdir => black.landing.folder.customthankyoupage.upsell.imgdir com valor: img
[2025-03-19 01:30:46] Processando campo: black_landing_folder_conversions_logonbuttonclick => black.landing.folder.conversions.logonbuttonclick com valor: false
[2025-03-19 01:30:46] Processando campo: pixels_fb_conversion_fireonbutton => pixels.fb.conversion.fireonbutton com valor: false
[2025-03-19 01:30:46] Processando campo: pixels_tt_conversion_fireonbutton => pixels.tt.conversion.fireonbutton com valor: false
[2025-03-19 01:30:46] Processando campo: black_landing_redirect_urls => black.landing.redirect.urls com valor: https://yandex.ru
[2025-03-19 01:30:46] Processando campo: black_landing_redirect_type => black.landing.redirect.type com valor: 303
[2025-03-19 01:30:46] Processando campo: black_jsconnect => black.jsconnect com valor: replace
[2025-03-19 01:30:46] Processando campo: pixels_gtm_id => pixels.gtm.id com valor: 
[2025-03-19 01:30:46] Processando campo: pixels_ya_id => pixels.ya.id com valor: 
[2025-03-19 01:30:46] Processando campo: pixels_fb_subname => pixels.fb.subname com valor: px
[2025-03-19 01:30:46] Processando campo: pixels_fb_pageview => pixels.fb.pageview com valor: true
[2025-03-19 01:30:46] Processando campo: pixels_fb_viewcontent_use => pixels.fb.viewcontent.use com valor: false
[2025-03-19 01:30:46] Processando campo: pixels_fb_viewcontent_time => pixels.fb.viewcontent.time com valor: 30
[2025-03-19 01:30:46] Processando campo: pixels_fb_viewcontent_percent => pixels.fb.viewcontent.percent com valor: 75
[2025-03-19 01:30:46] Processando campo: pixels_fb_conversion_event => pixels.fb.conversion.event com valor: Lead
[2025-03-19 01:30:46] Processando campo: pixels_tt_subname => pixels.tt.subname com valor: tpx
[2025-03-19 01:30:46] Processando campo: pixels_tt_pageview => pixels.tt.pageview com valor: true
[2025-03-19 01:30:46] Processando campo: pixels_tt_viewcontent_use => pixels.tt.viewcontent.use com valor: true
[2025-03-19 01:30:46] Processando campo: pixels_tt_viewcontent_time => pixels.tt.viewcontent.time com valor: 30
[2025-03-19 01:30:46] Processando campo: pixels_tt_viewcontent_percent => pixels.tt.viewcontent.percent com valor: 75
[2025-03-19 01:30:46] Processando campo: pixels_tt_conversion_event => pixels.tt.conversion.event com valor: Purchase
[2025-03-19 01:30:46] Processando campo: tds_mode => tds.mode com valor: off
[2025-03-19 01:30:46] Processando campo: tds_saveuserflow => tds.saveuserflow com valor: false
[2025-03-19 01:30:46] Processando campo: tds_filters_allowed_os => tds.filters.allowed.os com valor: 
[2025-03-19 01:30:46] Processando campo: tds_filters_allowed_countries => tds.filters.allowed.countries com valor: 
[2025-03-19 01:30:46] Processando campo: tds_filters_allowed_languages => tds.filters.allowed.languages com valor: 
[2025-03-19 01:30:46] Processando campo: tds_filters_blocked_ips_filename => tds.filters.blocked.ips.filename com valor: 
[2025-03-19 01:30:46] Processando campo: tds_filters_blocked_ips_cidrformat => tds.filters.blocked.ips.cidrformat com valor: false
[2025-03-19 01:30:46] Processando campo: tds_filters_blocked_tokens => tds.filters.blocked.tokens com valor: 
[2025-03-19 01:30:46] Processando campo: tds_filters_allowed_inurl => tds.filters.allowed.inurl com valor: key=2
[2025-03-19 01:30:46] Processando campo: tds_filters_blocked_useragents => tds.filters.blocked.useragents com valor: facebook,Facebot,curl,gce-spider,yandex.com/bots,OdklBot
[2025-03-19 01:30:46] Processando campo: tds_filters_blocked_isps => tds.filters.blocked.isps com valor: facebook,google,yandex,amazon,azure,digitalocean,microsoft
[2025-03-19 01:30:46] Processando campo: tds_filters_blocked_referer_empty => tds.filters.blocked.referer.empty com valor: false
[2025-03-19 01:30:46] Processando campo: tds_filters_blocked_referer_stopwords => tds.filters.blocked.referer.stopwords com valor: 
[2025-03-19 01:30:46] Processando campo: tds_filters_blocked_vpntor => tds.filters.blocked.vpntor com valor: false
[2025-03-19 01:30:46] Processando campo: scripts_back_action => scripts.back.action com valor: off
[2025-03-19 01:30:46] Processando campo: scripts_back_value => scripts.back.value com valor: https://ya.ru
[2025-03-19 01:30:46] Processando campo: scripts_disabletextcopy => scripts.disabletextcopy com valor: false
[2025-03-19 01:30:46] Processando campo: scripts_prelandingreplace_use => scripts.prelandingreplace.use com valor: false
[2025-03-19 01:30:46] Processando campo: scripts_prelandingreplace_url => scripts.prelandingreplace.url com valor: https://ya.ru
[2025-03-19 01:30:46] Processando campo: scripts_landingreplace_use => scripts.landingreplace.use com valor: false
[2025-03-19 01:30:46] Processando campo: scripts_landingreplace_url => scripts.landingreplace.url com valor: https://ya.ru
[2025-03-19 01:30:46] Processando campo: scripts_phonemask_use => scripts.phonemask.use com valor: true
[2025-03-19 01:30:46] Processando campo: scripts_phonemask_mask => scripts.phonemask.mask com valor: +7(\\999)999-99-99
[2025-03-19 01:30:46] Processando campo: scripts_comebacker => scripts.comebacker com valor: false
[2025-03-19 01:30:46] Processando campo: scripts_callbacker => scripts.callbacker com valor: false
[2025-03-19 01:30:46] Processando campo: scripts_addedtocart => scripts.addedtocart com valor: false
[2025-03-19 01:30:46] Processando campo: scripts_imageslazyload => scripts.imageslazyload com valor: true
[2025-03-19 01:30:46] Processando campo: subids => subids com valor: [{"name":"subid","rewrite":"sub1"},{"name":"adn","rewrite":"sub2"},{"name":"ad","rewrite":"sub3"},{"name":"pl","rewrite":"sub4"}]
[2025-03-19 01:30:46] Processando campo: statistics_password => statistics.password com valor: 12345
[2025-03-19 01:30:46] Processando campo: statistics_timezone => statistics.timezone com valor: America/Sao_Paulo
[2025-03-19 01:30:46] Processando campo: statistics_subnames => statistics.subnames com valor: [{"name":"adn","value":"Adset"},{"name":"ad","value":"Creative"},{"name":"pl","value":"Placement"}]
[2025-03-19 01:30:46] Processando campo: postback_lead => postback.lead com valor: Lead
[2025-03-19 01:30:46] Processando campo: postback_purchase => postback.purchase com valor: Purchase
[2025-03-19 01:30:46] Processando campo: postback_reject => postback.reject com valor: Reject
[2025-03-19 01:30:46] Processando campo: postback_trash => postback.trash com valor: Trash
[2025-03-19 01:30:46] Processando campo: postback_s2s => postback.s2s com valor: [{"url":"https:\/\/dekoola.com\/wp-json\/autonami\/v1\/webhook\/?bwfan_autonami_webhook_id=10&bwfan_autonami_webhook_key=92c39df617252d128219dba772cff29a","method":"GET","events":["Lead","Purchase","Reject","Trash"]}]
[2025-03-19 01:30:46] Valor de black.landing.folder.redirect_url: https://teste2.example.com
[2025-03-19 01:30:46] Tentando salvar configurações...
[2025-03-19 01:30:46] Backup criado em /Users/alexsantos/Repositories/ycp2/volume/admin/../settings.json.bak
[2025-03-19 01:30:46] Configuração salva com sucesso usando toFile()
[2025-03-19 01:30:46] Verificação pós-salvamento: black.landing.folder.redirect_url = https://teste2.example.com
[2025-03-19 01:30:46] Configuração também salva usando file_put_contents()
[2025-03-19 01:30:46] --- FIM DO PROCESSAMENTO COM SUCESSO ---

[2025-03-19 01:36:33] --- INÍCIO DO PROCESSAMENTO ---
[2025-03-19 01:36:33] POST recebido: {"white_action":"folder","white_folder_names":"white2","white_redirect_urls":"https:\/\/google.com","white_redirect_type":"303","white_curl_urls":"https:\/\/dekoola.com\/","white_error_codes":"","white_domainfilter_use":"false","white_domainfilter_domains":[{"name":"lalala.xxx.com","action":"site:white"},{"name":"lamama.xxx.com","action":"site:white"}],"white_jschecks_enabled":"false","white_jschecks_timeout":"40000","white_jschecks_events":["audiocontext","timezone"],"white_jschecks_tzstart":"-3","white_jschecks_tzend":"4","white_jschecks_obfuscate":"true","black_prelanding_action":"none","black_prelanding_folders":"preland1,preland2","black_landing_action":"folder","black_landing_folder_names":"site4","black_landing_folder_redirect_url":"https:\/\/dekoola.com\/ch\/hack\/","black_landing_folder_customthankyoupage_language":"PT","black_landing_folder_conversions_script":"order.php","black_landing_folder_customthankyoupage_upsell_use":"false","black_landing_folder_customthankyoupage_upsell_header":"This is a header!","black_landing_folder_customthankyoupage_upsell_text":"This is a text!","black_landing_folder_customthankyoupage_upsell_url":"http:\/\/ya.ru","black_landing_folder_customthankyoupage_upsell_imgdir":"img","black_landing_folder_conversions_logonbuttonclick":"false","pixels_fb_conversion_fireonbutton":"false","pixels_tt_conversion_fireonbutton":"false","black_landing_redirect_urls":"https:\/\/yandex.ru","black_landing_redirect_type":"303","black_jsconnect":"replace","pixels_gtm_id":"","pixels_ya_id":"","pixels_fb_subname":"px","pixels_fb_pageview":"true","pixels_fb_viewcontent_use":"false","pixels_fb_viewcontent_time":"30","pixels_fb_viewcontent_percent":"75","pixels_fb_conversion_event":"Lead","pixels_tt_subname":"tpx","pixels_tt_pageview":"true","pixels_tt_viewcontent_use":"true","pixels_tt_viewcontent_time":"30","pixels_tt_viewcontent_percent":"75","pixels_tt_conversion_event":"Purchase","tds_mode":"off","tds_saveuserflow":"false","tds_filters_allowed_os":"","tds_filters_allowed_countries":"","tds_filters_allowed_languages":"","tds_filters_blocked_ips_filename":"","tds_filters_blocked_ips_cidrformat":"false","tds_filters_blocked_tokens":"","tds_filters_allowed_inurl":"key=2","tds_filters_blocked_useragents":"facebook,Facebot,curl,gce-spider,yandex.com\/bots,OdklBot","tds_filters_blocked_isps":"facebook,google,yandex,amazon,azure,digitalocean,microsoft","tds_filters_blocked_referer_empty":"false","tds_filters_blocked_referer_stopwords":"","tds_filters_blocked_vpntor":"false","scripts_back_action":"off","scripts_back_value":"https:\/\/ya.ru","scripts_disabletextcopy":"false","scripts_prelandingreplace_use":"false","scripts_prelandingreplace_url":"https:\/\/ya.ru","scripts_landingreplace_use":"false","scripts_landingreplace_url":"https:\/\/ya.ru","scripts_phonemask_use":"true","scripts_phonemask_mask":"+7(\\\\999)999-99-99","scripts_comebacker":"false","scripts_callbacker":"false","scripts_addedtocart":"false","scripts_imageslazyload":"true","subids":[{"name":"subid","rewrite":"sub1"},{"name":"adn","rewrite":"sub2"},{"name":"ad","rewrite":"sub3"},{"name":"pl","rewrite":"sub4"}],"statistics_password":"12345","statistics_timezone":"America\/Sao_Paulo","statistics_subnames":[{"name":"adn","value":"Adset"},{"name":"ad","value":"Creative"},{"name":"pl","value":"Placement"}],"postback_lead":"Lead","postback_purchase":"Purchase","postback_reject":"Reject","postback_trash":"Trash","postback_s2s":[{"url":"https:\/\/dekoola.com\/wp-json\/autonami\/v1\/webhook\/?bwfan_autonami_webhook_id=10&bwfan_autonami_webhook_key=92c39df617252d128219dba772cff29a","method":"GET","events":["Lead","Purchase","Reject","Trash"]}]}
[2025-03-19 01:36:33] Arquivo: /Users/alexsantos/Repositories/ycp2/volume/admin/../settings.json
[2025-03-19 01:36:33] Permissões: 0644
[2025-03-19 01:36:33] Proprietário: alexsantos
[2025-03-19 01:36:33] Usuário atual: alexsantos
[2025-03-19 01:36:33] Configuração carregada com sucesso
[2025-03-19 01:36:33] Processando campo: white_action => white.action com valor: folder
[2025-03-19 01:36:33] Processando campo: white_folder_names => white.folder.names com valor: white2
[2025-03-19 01:36:33] Processando campo: white_redirect_urls => white.redirect.urls com valor: https://google.com
[2025-03-19 01:36:33] Processando campo: white_redirect_type => white.redirect.type com valor: 303
[2025-03-19 01:36:33] Processando campo: white_curl_urls => white.curl.urls com valor: https://dekoola.com/
[2025-03-19 01:36:33] Processando campo: white_error_codes => white.error.codes com valor: 
[2025-03-19 01:36:33] Processando campo: white_domainfilter_use => white.domainfilter.use com valor: false
[2025-03-19 01:36:33] Processando campo: white_domainfilter_domains => white.domainfilter.domains com valor: [{"name":"lalala.xxx.com","action":"site:white"},{"name":"lamama.xxx.com","action":"site:white"}]
[2025-03-19 01:36:33] Processando campo: white_jschecks_enabled => white.jschecks.enabled com valor: false
[2025-03-19 01:36:33] Processando campo: white_jschecks_timeout => white.jschecks.timeout com valor: 40000
[2025-03-19 01:36:33] Processando campo: white_jschecks_events => white.jschecks.events com valor: ["audiocontext","timezone"]
[2025-03-19 01:36:33] Processando campo: white_jschecks_tzstart => white.jschecks.tzstart com valor: -3
[2025-03-19 01:36:33] Processando campo: white_jschecks_tzend => white.jschecks.tzend com valor: 4
[2025-03-19 01:36:33] Processando campo: white_jschecks_obfuscate => white.jschecks.obfuscate com valor: true
[2025-03-19 01:36:33] Processando campo: black_prelanding_action => black.prelanding.action com valor: none
[2025-03-19 01:36:33] Processando campo: black_prelanding_folders => black.prelanding.folders com valor: preland1,preland2
[2025-03-19 01:36:33] Processando campo: black_landing_action => black.landing.action com valor: folder
[2025-03-19 01:36:33] Processando campo: black_landing_folder_names => black.landing.folder.names com valor: site4
[2025-03-19 01:36:33] Processando campo: black_landing_folder_redirect_url => black.landing.folder.redirect.url com valor: https://dekoola.com/ch/hack/
[2025-03-19 01:36:33] Caso especial: Corrigindo chave para black.landing.folder.redirect_url
[2025-03-19 01:36:33] Processando campo: black_landing_folder_customthankyoupage_language => black.landing.folder.customthankyoupage.language com valor: PT
[2025-03-19 01:36:33] Processando campo: black_landing_folder_conversions_script => black.landing.folder.conversions.script com valor: order.php
[2025-03-19 01:36:33] Processando campo: black_landing_folder_customthankyoupage_upsell_use => black.landing.folder.customthankyoupage.upsell.use com valor: false
[2025-03-19 01:36:33] Processando campo: black_landing_folder_customthankyoupage_upsell_header => black.landing.folder.customthankyoupage.upsell.header com valor: This is a header!
[2025-03-19 01:36:33] Processando campo: black_landing_folder_customthankyoupage_upsell_text => black.landing.folder.customthankyoupage.upsell.text com valor: This is a text!
[2025-03-19 01:36:33] Processando campo: black_landing_folder_customthankyoupage_upsell_url => black.landing.folder.customthankyoupage.upsell.url com valor: http://ya.ru
[2025-03-19 01:36:33] Processando campo: black_landing_folder_customthankyoupage_upsell_imgdir => black.landing.folder.customthankyoupage.upsell.imgdir com valor: img
[2025-03-19 01:36:33] Processando campo: black_landing_folder_conversions_logonbuttonclick => black.landing.folder.conversions.logonbuttonclick com valor: false
[2025-03-19 01:36:33] Processando campo: pixels_fb_conversion_fireonbutton => pixels.fb.conversion.fireonbutton com valor: false
[2025-03-19 01:36:33] Processando campo: pixels_tt_conversion_fireonbutton => pixels.tt.conversion.fireonbutton com valor: false
[2025-03-19 01:36:33] Processando campo: black_landing_redirect_urls => black.landing.redirect.urls com valor: https://yandex.ru
[2025-03-19 01:36:33] Processando campo: black_landing_redirect_type => black.landing.redirect.type com valor: 303
[2025-03-19 01:36:33] Processando campo: black_jsconnect => black.jsconnect com valor: replace
[2025-03-19 01:36:33] Processando campo: pixels_gtm_id => pixels.gtm.id com valor: 
[2025-03-19 01:36:33] Processando campo: pixels_ya_id => pixels.ya.id com valor: 
[2025-03-19 01:36:33] Processando campo: pixels_fb_subname => pixels.fb.subname com valor: px
[2025-03-19 01:36:33] Processando campo: pixels_fb_pageview => pixels.fb.pageview com valor: true
[2025-03-19 01:36:33] Processando campo: pixels_fb_viewcontent_use => pixels.fb.viewcontent.use com valor: false
[2025-03-19 01:36:33] Processando campo: pixels_fb_viewcontent_time => pixels.fb.viewcontent.time com valor: 30
[2025-03-19 01:36:33] Processando campo: pixels_fb_viewcontent_percent => pixels.fb.viewcontent.percent com valor: 75
[2025-03-19 01:36:33] Processando campo: pixels_fb_conversion_event => pixels.fb.conversion.event com valor: Lead
[2025-03-19 01:36:33] Processando campo: pixels_tt_subname => pixels.tt.subname com valor: tpx
[2025-03-19 01:36:33] Processando campo: pixels_tt_pageview => pixels.tt.pageview com valor: true
[2025-03-19 01:36:33] Processando campo: pixels_tt_viewcontent_use => pixels.tt.viewcontent.use com valor: true
[2025-03-19 01:36:33] Processando campo: pixels_tt_viewcontent_time => pixels.tt.viewcontent.time com valor: 30
[2025-03-19 01:36:33] Processando campo: pixels_tt_viewcontent_percent => pixels.tt.viewcontent.percent com valor: 75
[2025-03-19 01:36:33] Processando campo: pixels_tt_conversion_event => pixels.tt.conversion.event com valor: Purchase
[2025-03-19 01:36:33] Processando campo: tds_mode => tds.mode com valor: off
[2025-03-19 01:36:33] Processando campo: tds_saveuserflow => tds.saveuserflow com valor: false
[2025-03-19 01:36:33] Processando campo: tds_filters_allowed_os => tds.filters.allowed.os com valor: 
[2025-03-19 01:36:33] Processando campo: tds_filters_allowed_countries => tds.filters.allowed.countries com valor: 
[2025-03-19 01:36:33] Processando campo: tds_filters_allowed_languages => tds.filters.allowed.languages com valor: 
[2025-03-19 01:36:33] Processando campo: tds_filters_blocked_ips_filename => tds.filters.blocked.ips.filename com valor: 
[2025-03-19 01:36:33] Processando campo: tds_filters_blocked_ips_cidrformat => tds.filters.blocked.ips.cidrformat com valor: false
[2025-03-19 01:36:33] Processando campo: tds_filters_blocked_tokens => tds.filters.blocked.tokens com valor: 
[2025-03-19 01:36:33] Processando campo: tds_filters_allowed_inurl => tds.filters.allowed.inurl com valor: key=2
[2025-03-19 01:36:33] Processando campo: tds_filters_blocked_useragents => tds.filters.blocked.useragents com valor: facebook,Facebot,curl,gce-spider,yandex.com/bots,OdklBot
[2025-03-19 01:36:33] Processando campo: tds_filters_blocked_isps => tds.filters.blocked.isps com valor: facebook,google,yandex,amazon,azure,digitalocean,microsoft
[2025-03-19 01:36:33] Processando campo: tds_filters_blocked_referer_empty => tds.filters.blocked.referer.empty com valor: false
[2025-03-19 01:36:33] Processando campo: tds_filters_blocked_referer_stopwords => tds.filters.blocked.referer.stopwords com valor: 
[2025-03-19 01:36:33] Processando campo: tds_filters_blocked_vpntor => tds.filters.blocked.vpntor com valor: false
[2025-03-19 01:36:33] Processando campo: scripts_back_action => scripts.back.action com valor: off
[2025-03-19 01:36:33] Processando campo: scripts_back_value => scripts.back.value com valor: https://ya.ru
[2025-03-19 01:36:33] Processando campo: scripts_disabletextcopy => scripts.disabletextcopy com valor: false
[2025-03-19 01:36:33] Processando campo: scripts_prelandingreplace_use => scripts.prelandingreplace.use com valor: false
[2025-03-19 01:36:33] Processando campo: scripts_prelandingreplace_url => scripts.prelandingreplace.url com valor: https://ya.ru
[2025-03-19 01:36:33] Processando campo: scripts_landingreplace_use => scripts.landingreplace.use com valor: false
[2025-03-19 01:36:33] Processando campo: scripts_landingreplace_url => scripts.landingreplace.url com valor: https://ya.ru
[2025-03-19 01:36:33] Processando campo: scripts_phonemask_use => scripts.phonemask.use com valor: true
[2025-03-19 01:36:33] Processando campo: scripts_phonemask_mask => scripts.phonemask.mask com valor: +7(\\999)999-99-99
[2025-03-19 01:36:33] Processando campo: scripts_comebacker => scripts.comebacker com valor: false
[2025-03-19 01:36:33] Processando campo: scripts_callbacker => scripts.callbacker com valor: false
[2025-03-19 01:36:33] Processando campo: scripts_addedtocart => scripts.addedtocart com valor: false
[2025-03-19 01:36:33] Processando campo: scripts_imageslazyload => scripts.imageslazyload com valor: true
[2025-03-19 01:36:33] Processando campo: subids => subids com valor: [{"name":"subid","rewrite":"sub1"},{"name":"adn","rewrite":"sub2"},{"name":"ad","rewrite":"sub3"},{"name":"pl","rewrite":"sub4"}]
[2025-03-19 01:36:33] Processando campo: statistics_password => statistics.password com valor: 12345
[2025-03-19 01:36:33] Processando campo: statistics_timezone => statistics.timezone com valor: America/Sao_Paulo
[2025-03-19 01:36:33] Processando campo: statistics_subnames => statistics.subnames com valor: [{"name":"adn","value":"Adset"},{"name":"ad","value":"Creative"},{"name":"pl","value":"Placement"}]
[2025-03-19 01:36:33] Processando campo: postback_lead => postback.lead com valor: Lead
[2025-03-19 01:36:33] Processando campo: postback_purchase => postback.purchase com valor: Purchase
[2025-03-19 01:36:33] Processando campo: postback_reject => postback.reject com valor: Reject
[2025-03-19 01:36:33] Processando campo: postback_trash => postback.trash com valor: Trash
[2025-03-19 01:36:33] Processando campo: postback_s2s => postback.s2s com valor: [{"url":"https:\/\/dekoola.com\/wp-json\/autonami\/v1\/webhook\/?bwfan_autonami_webhook_id=10&bwfan_autonami_webhook_key=92c39df617252d128219dba772cff29a","method":"GET","events":["Lead","Purchase","Reject","Trash"]}]
[2025-03-19 01:36:33] Valor de black.landing.folder.redirect_url: https://dekoola.com/ch/hack/
[2025-03-19 01:36:33] Tentando salvar configurações...
[2025-03-19 01:36:33] Backup criado em /Users/alexsantos/Repositories/ycp2/volume/admin/../settings.json.bak
[2025-03-19 01:36:33] Configuração salva com sucesso usando toFile()
[2025-03-19 01:36:33] Verificação pós-salvamento: black.landing.folder.redirect_url = https://dekoola.com/ch/hack/
[2025-03-19 01:36:33] Configuração também salva usando file_put_contents()
[2025-03-19 01:36:33] --- FIM DO PROCESSAMENTO COM SUCESSO ---

[2025-03-19 01:36:45] --- INÍCIO DO PROCESSAMENTO ---
[2025-03-19 01:36:45] POST recebido: {"white_action":"folder","white_folder_names":"white2","white_redirect_urls":"https:\/\/google.com","white_redirect_type":"303","white_curl_urls":"https:\/\/dekoola.com\/","white_error_codes":"","white_domainfilter_use":"false","white_domainfilter_domains":[{"name":"lalala.xxx.com","action":"site:white"},{"name":"lamama.xxx.com","action":"site:white"}],"white_jschecks_enabled":"false","white_jschecks_timeout":"40000","white_jschecks_events":["audiocontext","timezone"],"white_jschecks_tzstart":"-3","white_jschecks_tzend":"4","white_jschecks_obfuscate":"true","black_prelanding_action":"none","black_prelanding_folders":"preland1,preland2","black_landing_action":"folder","black_landing_folder_names":"site4","black_landing_folder_redirect_url":"https:\/\/dekoola.com\/ch\/hack\/","black_landing_folder_customthankyoupage_language":"PT","black_landing_folder_conversions_script":"order.php","black_landing_folder_customthankyoupage_upsell_use":"false","black_landing_folder_customthankyoupage_upsell_header":"This is a header!","black_landing_folder_customthankyoupage_upsell_text":"This is a text!","black_landing_folder_customthankyoupage_upsell_url":"http:\/\/ya.ru","black_landing_folder_customthankyoupage_upsell_imgdir":"img","black_landing_folder_conversions_logonbuttonclick":"false","pixels_fb_conversion_fireonbutton":"false","pixels_tt_conversion_fireonbutton":"false","black_landing_redirect_urls":"https:\/\/yandex.ru","black_landing_redirect_type":"303","black_jsconnect":"replace","pixels_gtm_id":"","pixels_ya_id":"","pixels_fb_subname":"px","pixels_fb_pageview":"true","pixels_fb_viewcontent_use":"false","pixels_fb_viewcontent_time":"30","pixels_fb_viewcontent_percent":"75","pixels_fb_conversion_event":"Lead","pixels_tt_subname":"tpx","pixels_tt_pageview":"true","pixels_tt_viewcontent_use":"true","pixels_tt_viewcontent_time":"30","pixels_tt_viewcontent_percent":"75","pixels_tt_conversion_event":"Purchase","tds_mode":"off","tds_saveuserflow":"false","tds_filters_allowed_os":"","tds_filters_allowed_countries":"","tds_filters_allowed_languages":"","tds_filters_blocked_ips_filename":"","tds_filters_blocked_ips_cidrformat":"false","tds_filters_blocked_tokens":"","tds_filters_allowed_inurl":"key=2","tds_filters_blocked_useragents":"facebook,Facebot,curl,gce-spider,yandex.com\/bots,OdklBot","tds_filters_blocked_isps":"facebook,google,yandex,amazon,azure,digitalocean,microsoft","tds_filters_blocked_referer_empty":"false","tds_filters_blocked_referer_stopwords":"","tds_filters_blocked_vpntor":"false","scripts_back_action":"off","scripts_back_value":"https:\/\/ya.ru","scripts_disabletextcopy":"false","scripts_prelandingreplace_use":"false","scripts_prelandingreplace_url":"https:\/\/ya.ru","scripts_landingreplace_use":"false","scripts_landingreplace_url":"https:\/\/ya.ru","scripts_phonemask_use":"true","scripts_phonemask_mask":"+7(\\\\999)999-99-99","scripts_comebacker":"false","scripts_callbacker":"false","scripts_addedtocart":"false","scripts_imageslazyload":"true","subids":[{"name":"subid","rewrite":"sub1"},{"name":"adn","rewrite":"sub2"},{"name":"ad","rewrite":"sub3"},{"name":"pl","rewrite":"sub4"}],"statistics_password":"12345","statistics_timezone":"America\/Sao_Paulo","statistics_subnames":[{"name":"adn","value":"Adset"},{"name":"ad","value":"Creative"},{"name":"pl","value":"Placement"}],"postback_lead":"Lead","postback_purchase":"Purchase","postback_reject":"Reject","postback_trash":"Trash","postback_s2s":[{"url":"https:\/\/dekoola.com\/wp-json\/autonami\/v1\/webhook\/?bwfan_autonami_webhook_id=10&bwfan_autonami_webhook_key=92c39df617252d128219dba772cff29a","method":"GET","events":["Lead","Purchase","Reject","Trash"]}]}
[2025-03-19 01:36:45] Arquivo: /Users/alexsantos/Repositories/ycp2/volume/admin/../settings.json
[2025-03-19 01:36:45] Permissões: 0644
[2025-03-19 01:36:45] Proprietário: alexsantos
[2025-03-19 01:36:45] Usuário atual: alexsantos
[2025-03-19 01:36:45] Configuração carregada com sucesso
[2025-03-19 01:36:45] Processando campo: white_action => white.action com valor: folder
[2025-03-19 01:36:45] Processando campo: white_folder_names => white.folder.names com valor: white2
[2025-03-19 01:36:45] Processando campo: white_redirect_urls => white.redirect.urls com valor: https://google.com
[2025-03-19 01:36:45] Processando campo: white_redirect_type => white.redirect.type com valor: 303
[2025-03-19 01:36:45] Processando campo: white_curl_urls => white.curl.urls com valor: https://dekoola.com/
[2025-03-19 01:36:45] Processando campo: white_error_codes => white.error.codes com valor: 
[2025-03-19 01:36:45] Processando campo: white_domainfilter_use => white.domainfilter.use com valor: false
[2025-03-19 01:36:45] Processando campo: white_domainfilter_domains => white.domainfilter.domains com valor: [{"name":"lalala.xxx.com","action":"site:white"},{"name":"lamama.xxx.com","action":"site:white"}]
[2025-03-19 01:36:45] Processando campo: white_jschecks_enabled => white.jschecks.enabled com valor: false
[2025-03-19 01:36:45] Processando campo: white_jschecks_timeout => white.jschecks.timeout com valor: 40000
[2025-03-19 01:36:45] Processando campo: white_jschecks_events => white.jschecks.events com valor: ["audiocontext","timezone"]
[2025-03-19 01:36:45] Processando campo: white_jschecks_tzstart => white.jschecks.tzstart com valor: -3
[2025-03-19 01:36:45] Processando campo: white_jschecks_tzend => white.jschecks.tzend com valor: 4
[2025-03-19 01:36:45] Processando campo: white_jschecks_obfuscate => white.jschecks.obfuscate com valor: true
[2025-03-19 01:36:45] Processando campo: black_prelanding_action => black.prelanding.action com valor: none
[2025-03-19 01:36:45] Processando campo: black_prelanding_folders => black.prelanding.folders com valor: preland1,preland2
[2025-03-19 01:36:45] Processando campo: black_landing_action => black.landing.action com valor: folder
[2025-03-19 01:36:45] Processando campo: black_landing_folder_names => black.landing.folder.names com valor: site4
[2025-03-19 01:36:45] Processando campo: black_landing_folder_redirect_url => black.landing.folder.redirect.url com valor: https://dekoola.com/ch/hack/
[2025-03-19 01:36:45] Caso especial: Corrigindo chave para black.landing.folder.redirect_url
[2025-03-19 01:36:45] Processando campo: black_landing_folder_customthankyoupage_language => black.landing.folder.customthankyoupage.language com valor: PT
[2025-03-19 01:36:45] Processando campo: black_landing_folder_conversions_script => black.landing.folder.conversions.script com valor: order.php
[2025-03-19 01:36:45] Processando campo: black_landing_folder_customthankyoupage_upsell_use => black.landing.folder.customthankyoupage.upsell.use com valor: false
[2025-03-19 01:36:45] Processando campo: black_landing_folder_customthankyoupage_upsell_header => black.landing.folder.customthankyoupage.upsell.header com valor: This is a header!
[2025-03-19 01:36:45] Processando campo: black_landing_folder_customthankyoupage_upsell_text => black.landing.folder.customthankyoupage.upsell.text com valor: This is a text!
[2025-03-19 01:36:45] Processando campo: black_landing_folder_customthankyoupage_upsell_url => black.landing.folder.customthankyoupage.upsell.url com valor: http://ya.ru
[2025-03-19 01:36:45] Processando campo: black_landing_folder_customthankyoupage_upsell_imgdir => black.landing.folder.customthankyoupage.upsell.imgdir com valor: img
[2025-03-19 01:36:45] Processando campo: black_landing_folder_conversions_logonbuttonclick => black.landing.folder.conversions.logonbuttonclick com valor: false
[2025-03-19 01:36:45] Processando campo: pixels_fb_conversion_fireonbutton => pixels.fb.conversion.fireonbutton com valor: false
[2025-03-19 01:36:45] Processando campo: pixels_tt_conversion_fireonbutton => pixels.tt.conversion.fireonbutton com valor: false
[2025-03-19 01:36:45] Processando campo: black_landing_redirect_urls => black.landing.redirect.urls com valor: https://yandex.ru
[2025-03-19 01:36:45] Processando campo: black_landing_redirect_type => black.landing.redirect.type com valor: 303
[2025-03-19 01:36:45] Processando campo: black_jsconnect => black.jsconnect com valor: replace
[2025-03-19 01:36:45] Processando campo: pixels_gtm_id => pixels.gtm.id com valor: 
[2025-03-19 01:36:45] Processando campo: pixels_ya_id => pixels.ya.id com valor: 
[2025-03-19 01:36:45] Processando campo: pixels_fb_subname => pixels.fb.subname com valor: px
[2025-03-19 01:36:45] Processando campo: pixels_fb_pageview => pixels.fb.pageview com valor: true
[2025-03-19 01:36:45] Processando campo: pixels_fb_viewcontent_use => pixels.fb.viewcontent.use com valor: false
[2025-03-19 01:36:45] Processando campo: pixels_fb_viewcontent_time => pixels.fb.viewcontent.time com valor: 30
[2025-03-19 01:36:45] Processando campo: pixels_fb_viewcontent_percent => pixels.fb.viewcontent.percent com valor: 75
[2025-03-19 01:36:45] Processando campo: pixels_fb_conversion_event => pixels.fb.conversion.event com valor: Lead
[2025-03-19 01:36:45] Processando campo: pixels_tt_subname => pixels.tt.subname com valor: tpx
[2025-03-19 01:36:45] Processando campo: pixels_tt_pageview => pixels.tt.pageview com valor: true
[2025-03-19 01:36:45] Processando campo: pixels_tt_viewcontent_use => pixels.tt.viewcontent.use com valor: true
[2025-03-19 01:36:45] Processando campo: pixels_tt_viewcontent_time => pixels.tt.viewcontent.time com valor: 30
[2025-03-19 01:36:45] Processando campo: pixels_tt_viewcontent_percent => pixels.tt.viewcontent.percent com valor: 75
[2025-03-19 01:36:45] Processando campo: pixels_tt_conversion_event => pixels.tt.conversion.event com valor: Purchase
[2025-03-19 01:36:45] Processando campo: tds_mode => tds.mode com valor: off
[2025-03-19 01:36:45] Processando campo: tds_saveuserflow => tds.saveuserflow com valor: false
[2025-03-19 01:36:45] Processando campo: tds_filters_allowed_os => tds.filters.allowed.os com valor: 
[2025-03-19 01:36:45] Processando campo: tds_filters_allowed_countries => tds.filters.allowed.countries com valor: 
[2025-03-19 01:36:45] Processando campo: tds_filters_allowed_languages => tds.filters.allowed.languages com valor: 
[2025-03-19 01:36:45] Processando campo: tds_filters_blocked_ips_filename => tds.filters.blocked.ips.filename com valor: 
[2025-03-19 01:36:45] Processando campo: tds_filters_blocked_ips_cidrformat => tds.filters.blocked.ips.cidrformat com valor: false
[2025-03-19 01:36:45] Processando campo: tds_filters_blocked_tokens => tds.filters.blocked.tokens com valor: 
[2025-03-19 01:36:45] Processando campo: tds_filters_allowed_inurl => tds.filters.allowed.inurl com valor: key=2
[2025-03-19 01:36:45] Processando campo: tds_filters_blocked_useragents => tds.filters.blocked.useragents com valor: facebook,Facebot,curl,gce-spider,yandex.com/bots,OdklBot
[2025-03-19 01:36:45] Processando campo: tds_filters_blocked_isps => tds.filters.blocked.isps com valor: facebook,google,yandex,amazon,azure,digitalocean,microsoft
[2025-03-19 01:36:45] Processando campo: tds_filters_blocked_referer_empty => tds.filters.blocked.referer.empty com valor: false
[2025-03-19 01:36:45] Processando campo: tds_filters_blocked_referer_stopwords => tds.filters.blocked.referer.stopwords com valor: 
[2025-03-19 01:36:45] Processando campo: tds_filters_blocked_vpntor => tds.filters.blocked.vpntor com valor: false
[2025-03-19 01:36:45] Processando campo: scripts_back_action => scripts.back.action com valor: off
[2025-03-19 01:36:45] Processando campo: scripts_back_value => scripts.back.value com valor: https://ya.ru
[2025-03-19 01:36:45] Processando campo: scripts_disabletextcopy => scripts.disabletextcopy com valor: false
[2025-03-19 01:36:45] Processando campo: scripts_prelandingreplace_use => scripts.prelandingreplace.use com valor: false
[2025-03-19 01:36:45] Processando campo: scripts_prelandingreplace_url => scripts.prelandingreplace.url com valor: https://ya.ru
[2025-03-19 01:36:45] Processando campo: scripts_landingreplace_use => scripts.landingreplace.use com valor: false
[2025-03-19 01:36:45] Processando campo: scripts_landingreplace_url => scripts.landingreplace.url com valor: https://ya.ru
[2025-03-19 01:36:45] Processando campo: scripts_phonemask_use => scripts.phonemask.use com valor: true
[2025-03-19 01:36:45] Processando campo: scripts_phonemask_mask => scripts.phonemask.mask com valor: +7(\\999)999-99-99
[2025-03-19 01:36:45] Processando campo: scripts_comebacker => scripts.comebacker com valor: false
[2025-03-19 01:36:45] Processando campo: scripts_callbacker => scripts.callbacker com valor: false
[2025-03-19 01:36:45] Processando campo: scripts_addedtocart => scripts.addedtocart com valor: false
[2025-03-19 01:36:45] Processando campo: scripts_imageslazyload => scripts.imageslazyload com valor: true
[2025-03-19 01:36:45] Processando campo: subids => subids com valor: [{"name":"subid","rewrite":"sub1"},{"name":"adn","rewrite":"sub2"},{"name":"ad","rewrite":"sub3"},{"name":"pl","rewrite":"sub4"}]
[2025-03-19 01:36:45] Processando campo: statistics_password => statistics.password com valor: 12345
[2025-03-19 01:36:45] Processando campo: statistics_timezone => statistics.timezone com valor: America/Sao_Paulo
[2025-03-19 01:36:45] Processando campo: statistics_subnames => statistics.subnames com valor: [{"name":"adn","value":"Adset"},{"name":"ad","value":"Creative"},{"name":"pl","value":"Placement"}]
[2025-03-19 01:36:45] Processando campo: postback_lead => postback.lead com valor: Lead
[2025-03-19 01:36:45] Processando campo: postback_purchase => postback.purchase com valor: Purchase
[2025-03-19 01:36:45] Processando campo: postback_reject => postback.reject com valor: Reject
[2025-03-19 01:36:45] Processando campo: postback_trash => postback.trash com valor: Trash
[2025-03-19 01:36:45] Processando campo: postback_s2s => postback.s2s com valor: [{"url":"https:\/\/dekoola.com\/wp-json\/autonami\/v1\/webhook\/?bwfan_autonami_webhook_id=10&bwfan_autonami_webhook_key=92c39df617252d128219dba772cff29a","method":"GET","events":["Lead","Purchase","Reject","Trash"]}]
[2025-03-19 01:36:45] Valor de black.landing.folder.redirect_url: https://dekoola.com/ch/hack/
[2025-03-19 01:36:45] Tentando salvar configurações...
[2025-03-19 01:36:45] Backup criado em /Users/alexsantos/Repositories/ycp2/volume/admin/../settings.json.bak
[2025-03-19 01:36:45] Configuração salva com sucesso usando toFile()
[2025-03-19 01:36:45] Verificação pós-salvamento: black.landing.folder.redirect_url = https://dekoola.com/ch/hack/
[2025-03-19 01:36:45] Configuração também salva usando file_put_contents()
[2025-03-19 01:36:45] --- FIM DO PROCESSAMENTO COM SUCESSO ---

